MPASM  5.51                        ALARMS.ASM   4-5-2020  21:47:10         PAGE  1


LOC  OBJECT CODE     LINE SOURCE TEXT
  VALUE

                      00001 #include "P16F648A.inc"  ;include the defaults for the chip
                      00001         LIST
                      00002 
                      00003 ;==========================================================================
                      00004 ;  MPASM PIC16F648A processor include
                      00005 ; 
                      00006 ;  (c) Copyright 1999-2011 Microchip Technology, All rights reserved
                      00007 ;==========================================================================
                      00008 
Warning[205]: Found directive in column 1. (endm)
Warning[205]: Found directive in column 1. (endm)
                      00416         LIST
Warning[205]: Found directive in column 1. (errorlevel)
                      00002 errorlevel 2
                      00003 
  0000                00004 Global ShowActiveAlarms
  0000                00005 Global ShowTimeAndStatus
                      00006 
  0000                00007 Extern EEPROM_Read
  0000                00008 Extern LCD_cmd
  0000                00009 Extern LCD_chr
  0000                00010 Extern Bcd2Hex
  0000                00011 Extern Hex2Dec
                      00012 
  0000                00013 Extern SEC
  0000                00014 Extern MIN
  0000                00015 Extern HOUR
  0000                00016 Extern BCD
  0000                00017 Extern WaterStatus
  0000                00018 Extern OldWaterStatus
  0000                00019 Extern Blink
                      00020 
                      00021 Temp_Variables UDATA_OVR
0000                  00022 i               res 1
0001                  00023 tmp             res 1
                      00024 
                      00025 
                      00026 Bank0 udata 
0000                  00027 Counter res 1
0001                  00028 TmpVar  res 1
                      00029 
                      00030 
                      00031 PROG1 Code
0000                  00032 ShowTimeAndStatus
0000   308D           00033         movlw LCD_Line1+.13
0001   2???           00034         call LCD_cmd
                      00035 
                      00036 
0002   08??           00037         movf WaterStatus,F
0003   1903           00038         btfsc STATUS,Z ;0=Drain 1=Flood FF=Idle
0004   2???           00039         Goto DRN
0005   09??           00040         comf WaterStatus,W
0006   1D03           00041         btfss STATUS,Z ;0=Drain 1=Flood FF=Idle
MPASM  5.51                        ALARMS.ASM   4-5-2020  21:47:10         PAGE  2


LOC  OBJECT CODE     LINE SOURCE TEXT
  VALUE

0007   2???           00042         Goto FLD
0008                  00043 IDL:
0008   3049           00044         movlw 'I'
0009   2???           00045         call LCD_chr
000A   3044           00046         movlw 'D'
000B   2???           00047         call LCD_chr
000C   304C           00048         movlw 'L'
000D   2???           00049         call LCD_chr
000E   2???           00050         goto XXX1
000F                  00051 FLD:
000F   3046           00052         movlw 'F'
0010   2???           00053         call LCD_chr
0011   304C           00054         movlw 'L'
0012   2???           00055         call LCD_chr
0013   3044           00056         movlw 'D'
0014   2???           00057         call LCD_chr
0015   2???           00058         goto XXX1
0016                  00059 DRN:
0016   3044           00060         movlw 'D'
0017   2???           00061         call LCD_chr
0018   3052           00062         movlw 'R'
0019   2???           00063         call LCD_chr
001A   304E           00064         movlw 'N'
001B   2???           00065         call LCD_chr
                      00066 
001C                  00067 XXX1:
001C   308B           00068         movlw LCD_Line1+.11
001D   2???           00069         call LCD_cmd
001E   3053           00070         movlw 'S'
001F   2???           00071         call LCD_chr
0020   302D           00072         movlw '-'
0021   2???           00073         call LCD_chr
                      00074 
0022   3080           00075         movlw LCD_Line1
0023   2???           00076         call LCD_cmd
0024   3054           00077         movlw 'T'
0025   2???           00078         call LCD_chr
0026   302D           00079         movlw '-'
0027   2???           00080         call LCD_chr
                      00081 
                      00082 
                      00083 
                      00084 
0028   0E??           00085         swapf HOUR,W
0029   390F           00086         andlw 0x0f
002A   3E30           00087         addlw 0x30
002B   2???           00088         call LCD_chr
002C   08??           00089         movf HOUR,W
002D   390F           00090         andlw 0x0f
002E   3E30           00091         addlw 0x30
002F   2???           00092         call LCD_chr
0030   303A           00093         movlw ':'
0031   2???           00094         call LCD_chr
MPASM  5.51                        ALARMS.ASM   4-5-2020  21:47:10         PAGE  3


LOC  OBJECT CODE     LINE SOURCE TEXT
  VALUE

0032   0E??           00095         swapf MIN,W
0033   390F           00096         andlw 0x0f
0034   3E30           00097         addlw 0x30
0035   2???           00098         call LCD_chr
0036   08??           00099         movf MIN,W
0037   390F           00100         andlw 0x0f
0038   3E30           00101         addlw 0x30
0039   2???           00102         call LCD_chr
003A   303A           00103         movlw ':'
003B   2???           00104         call LCD_chr
003C   0E??           00105         swapf SEC,W
003D   390F           00106         andlw 0x0f
003E   3E30           00107         addlw 0x30
003F   2???           00108         call LCD_chr
0040   08??           00109         movf SEC,W
0041   390F           00110         andlw 0x0f
0042   3E30           00111         addlw 0x30
0043   2???           00112         call LCD_chr
0044   0008           00113 return
                      00114 
                      00115 ; ------------------------------------ 
                      00116 ; Check for Active Alarms
                      00117 ; ------------------------------------ 
                      00118 
0045                  00119 ShowActiveAlarms
0045   01??           00120         clrf Counter
0046   01??           00121         clrf i
0047   01??           00122         clrf tmp
0048                  00123 AlarmLoop
0048   3004           00124         movlw 0x04
0049   07??           00125         Addwf Counter,W
004A   2???           00126         Call EEPROM_Read
004B   1903           00127         btfsc STATUS,Z
004C   2???           00128         goto NoAlarm
004D   30C5           00129         movlw LCD_Line2+5
004E   07??           00130         addwf i,W ; next column
004F   2???           00131         call LCD_cmd
0050   08??           00132         movf Blink,W
0051   2???           00133         call LCD_chr
0052   2???           00134         Goto NextAlarm
0053                  00135 NoAlarm
0053   30C5           00136         movlw LCD_Line2+5
0054   07??           00137         addwf i,W ; next column
0055   2???           00138         call LCD_cmd
0056   3003           00139         movlw 0x03
0057   2???           00140         call LCD_chr
0058                  00141 NextAlarm
0058   0A??           00142         incf i
0059   08??           00143         movf Counter,W
005A   3E05           00144         addlw 0x05
005B   00??           00145         movwf Counter
005C   3A32           00146         xorlw .50
005D   1D03           00147         btfss STATUS,Z
MPASM  5.51                        ALARMS.ASM   4-5-2020  21:47:10         PAGE  4


LOC  OBJECT CODE     LINE SOURCE TEXT
  VALUE

005E   2???           00148         goto AlarmLoop
                      00149 
005F   3037           00150         movlw .55 ; Cycle timer alarm
0060   2???           00151         Call EEPROM_Read
0061   1903           00152         btfsc STATUS,Z
0062   2???           00153         goto NoAlarm2
0063   30C1           00154         movlw LCD_Line2+1
0064   2???           00155         call LCD_cmd
                      00156 
0065   08??           00157         movf Blink,W
0066   2???           00158         call LCD_chr
0067   0008           00159         return
0068                  00160 NoAlarm2:
0068   30C1           00161         movlw LCD_Line2+1
0069   2???           00162         call LCD_cmd
006A   3003           00163         movlw 0x03
006B   2???           00164         call LCD_chr
                      00165 
006C   0008           00166         return
                      00167 
                      00168 
                      00169 
                      00170 end
MPASM  5.51                        ALARMS.ASM   4-5-2020  21:47:10         PAGE  5


SYMBOL TABLE
  LABEL                             VALUE 

ADDEN                             00000003
ADEN                              00000003
AlarmLoop                         00000048
BCD                               00000000
BRGH                              00000002
Bank0                             00000000
Bcd2Hex                           00000000
Blink                             00000000
C                                 00000000
C1INV                             00000004
C1OUT                             00000006
C2INV                             00000005
C2OUT                             00000007
CCP1CON                           00000017
CCP1IE                            00000002
CCP1IF                            00000002
CCP1M0                            00000000
CCP1M1                            00000001
CCP1M2                            00000002
CCP1M3                            00000003
CCP1X                             00000005
CCP1Y                             00000004
CCPR1                             00000015
CCPR1H                            00000016
CCPR1L                            00000015
CIS                               00000003
CM0                               00000000
CM1                               00000001
CM2                               00000002
CMCON                             0000001F
CMIE                              00000006
CMIF                              00000006
CREN                              00000004
CSRC                              00000007
Counter                           00000000
DATA_CP_OFF                       00003FFF
DATA_CP_ON                        00003EFF
DC                                00000001
DRN                               00000016
Decimal                           00000001
DownEnter                         00000050
Drain                             00000000
EEADR                             0000009B
EECON1                            0000009C
EECON2                            0000009D
EEDATA                            0000009A
EEIE                              00000007
EEIF                              00000007
EEPROM_Read                       00000000
F                                 00000001
FERR                              00000002
FLD                               0000000F
FSR                               00000004
MPASM  5.51                        ALARMS.ASM   4-5-2020  21:47:10         PAGE  6


SYMBOL TABLE
  LABEL                             VALUE 

Flood                             00000001
GIE                               00000007
HOUR                              00000000
Hex2Dec                           00000000
IDL                               00000008
INDF                              00000000
INTCON                            0000000B
INTE                              00000004
INTEDG                            00000006
INTF                              00000001
IRP                               00000007
Idle                              000000FF
LCD_2Lines                        0000002C
LCD_4bit                          00000020
LCD_Blinc                         0000000D
LCD_Clear                         00000001
LCD_CursorHome                    00000002
LCD_DisOff                        00000008
LCD_DisOn                         0000000C
LCD_Line1                         00000080
LCD_Line2                         000000C0
LCD_Lines                         00000002
LCD_Underline                     0000000E
LCD_chr                           00000000
LCD_cmd                           00000000
MIN                               00000000
NOT_BO                            00000000
NOT_BOD                           00000000
NOT_BOR                           00000000
NOT_PD                            00000003
NOT_POR                           00000001
NOT_RBPU                          00000007
NOT_T1SYNC                        00000002
NOT_TO                            00000004
NextAlarm                         00000058
No                                00000000
NoAlarm                           00000053
NoAlarm2                          00000068
OERR                              00000001
OPTION_REG                        00000081
OSCF                              00000003
OldWaterStatus                    00000000
OnOff                             00000003
PCL                               00000002
PCLATH                            0000000A
PCON                              0000008E
PEIE                              00000006
PIE1                              0000008C
PIR1                              0000000C
PORTA                             00000005
PORTB                             00000006
PR2                               00000092
PS0                               00000000
MPASM  5.51                        ALARMS.ASM   4-5-2020  21:47:10         PAGE  7


SYMBOL TABLE
  LABEL                             VALUE 

PS1                               00000001
PS2                               00000002
PSA                               00000003
RA0                               00000000
RA1                               00000001
RA2                               00000002
RA3                               00000003
RA4                               00000004
RA5                               00000005
RA6                               00000006
RA7                               00000007
RB0                               00000000
RB1                               00000001
RB2                               00000002
RB3                               00000003
RB4                               00000004
RB5                               00000005
RB6                               00000006
RB7                               00000007
RBIE                              00000003
RBIF                              00000000
RCIE                              00000005
RCIF                              00000005
RCREG                             0000001A
RCSTA                             00000018
RD                                00000000
RP0                               00000005
RP1                               00000006
RX9                               00000006
RX9D                              00000000
SEC                               00000000
SPBRG                             00000099
SPEN                              00000007
SREN                              00000005
STATUS                            00000003
SYNC                              00000004
ShowActiveAlarms                  00000045
ShowTimeAndStatus                 00000000
T0CS                              00000005
T0IE                              00000005
T0IF                              00000002
T0SE                              00000004
T1CKPS0                           00000004
T1CKPS1                           00000005
T1CON                             00000010
T1OSCEN                           00000003
T2CKPS0                           00000000
T2CKPS1                           00000001
T2CON                             00000012
TMR0                              00000001
TMR0IE                            00000005
TMR0IF                            00000002
TMR1CS                            00000001
MPASM  5.51                        ALARMS.ASM   4-5-2020  21:47:10         PAGE  8


SYMBOL TABLE
  LABEL                             VALUE 

TMR1H                             0000000F
TMR1IE                            00000000
TMR1IF                            00000000
TMR1L                             0000000E
TMR1ON                            00000000
TMR2                              00000011
TMR2IE                            00000001
TMR2IF                            00000001
TMR2ON                            00000002
TOUTPS0                           00000003
TOUTPS1                           00000004
TOUTPS2                           00000005
TOUTPS3                           00000006
TRISA                             00000085
TRISA0                            00000000
TRISA1                            00000001
TRISA2                            00000002
TRISA3                            00000003
TRISA4                            00000004
TRISA5                            00000005
TRISA6                            00000006
TRISA7                            00000007
TRISB                             00000086
TRISB0                            00000000
TRISB1                            00000001
TRISB2                            00000002
TRISB3                            00000003
TRISB4                            00000004
TRISB5                            00000005
TRISB6                            00000006
TRISB7                            00000007
TRMT                              00000001
TX9                               00000006
TX9D                              00000000
TXEN                              00000005
TXIE                              00000004
TXIF                              00000004
TXREG                             00000019
TXSTA                             00000098
TmpVar                            00000001
UpEnter                           00000060
UpEsc                             000000A0
VR0                               00000000
VR1                               00000001
VR2                               00000002
VR3                               00000003
VRCON                             0000009F
VREN                              00000007
VROE                              00000006
VRR                               00000005
W                                 00000000
WR                                00000001
WREN                              00000002
MPASM  5.51                        ALARMS.ASM   4-5-2020  21:47:10         PAGE  9


SYMBOL TABLE
  LABEL                             VALUE 

WRERR                             00000003
WaterStatus                       00000000
XXX1                              0000001C
Yes                               00000001
YesNo                             00000002
Z                                 00000002
_BODEN_OFF                        00003FBF
_BODEN_ON                         00003FFF
_BOREN_OFF                        00003FBF
_BOREN_ON                         00003FFF
_CONFIG                           00002007
_CP_OFF                           00003FFF
_CP_ON                            00001FFF
_DEVID1                           00002006
_ER_OSC_CLKOUT                    00003FFF
_ER_OSC_NOCLKOUT                  00003FFE
_EXTCLK_OSC                       00003FEF
_HS_OSC                           00003FEE
_IDLOC0                           00002000
_IDLOC1                           00002001
_IDLOC2                           00002002
_IDLOC3                           00002003
_INTOSC_OSC_CLKOUT                00003FFD
_INTOSC_OSC_NOCLKOUT              00003FFC
_INTRC_OSC_CLKOUT                 00003FFD
_INTRC_OSC_NOCLKOUT               00003FFC
_LP_OSC                           00003FEC
_LVP_OFF                          00003F7F
_LVP_ON                           00003FFF
_MCLRE_OFF                        00003FDF
_MCLRE_ON                         00003FFF
_PWRTE_OFF                        00003FFF
_PWRTE_ON                         00003FF7
_RC_OSC_CLKOUT                    00003FFF
_RC_OSC_NOCLKOUT                  00003FFE
_WDT_OFF                          00003FFB
_WDT_ON                           00003FFF
_XT_OSC                           00003FED
__16F648A                         00000001
i                                 00000000
m_RestoreBank                     
m_SaveBank                        
tmp                               00000001

Errors   :     0
Warnings :     3 reported,    16 suppressed
Messages :     0 reported,     1 suppressed

