MPASM  5.51                CUSTOMLCDCHARS.ASM   4-5-2020  21:47:08         PAGE  1


LOC  OBJECT CODE     LINE SOURCE TEXT
  VALUE

                      00001 #include "P16F648A.inc"  ;include the defaults for the chip
                      00001         LIST
                      00002 
                      00003 ;==========================================================================
                      00004 ;  MPASM PIC16F648A processor include
                      00005 ; 
                      00006 ;  (c) Copyright 1999-2011 Microchip Technology, All rights reserved
                      00007 ;==========================================================================
                      00008 
Warning[205]: Found directive in column 1. (endm)
Warning[205]: Found directive in column 1. (endm)
                      00416         LIST
Warning[205]: Found directive in column 1. (errorlevel)
                      00002 errorlevel 2
  0000                00003 GLOBAL BuildCustomChars
  0000                00004 Extern LCD_cmd
  0000                00005 Extern LCD_chr
  0000                00006 Extern Delay
                      00007 
                      00008 ;Temp_Variables UDATA_ovr
                      00009 
                      00010 Bank0 UDATA
                      00011 
0000                  00012 i  res 1
0001                  00013 tmp res 1
                      00014 
                      00015 PROG2 Code
                      00016 
                      00017 
                      00018 
0000                  00019 BuildCustomChars
0000   3040           00020         movlw 0x40
0001   ????           00021         pagesel LCD_cmd ;---
0002   2???           00022         call LCD_cmd
0003   01??           00023         clrf i
0004                  00024 Loop
0004   ????           00025         pagesel ReadChrData ;---
0005   2???           00026         Call ReadChrData
0006   00??           00027         movwf tmp
0007   ???? ????      00028         PageselW $+2
0009   08??           00029         movf tmp,W
000A   ????           00030         PageSel LCD_chr ;---
000B   2???           00031         call LCD_chr
000C   ????           00032         PageSel $
                      00033         ;movlw 0x05
                      00034         ;call Delay
                      00035 
000D   0A??           00036         incf i
000E   3028           00037         movlw .40
000F   06??           00038         xorwf i,w
0010   1D03           00039         btfss STATUS,Z
0011   2???           00040         goto Loop
0012   0008           00041 return
MPASM  5.51                CUSTOMLCDCHARS.ASM   4-5-2020  21:47:08         PAGE  2


LOC  OBJECT CODE     LINE SOURCE TEXT
  VALUE

0013                  00042 ReadChrData
0013   ???? ????      00043         pageselw ChrTbl
0015   30??           00044         movlw Low ChrTbl
0016   07??           00045         addwf i,W
0017   1803           00046         btfsc STATUS,C
0018   0A8A           00047         incf PCLATH
0019   0082           00048         movwf PCL
                      00049 
                      00050 ;PROG2 Code 
                      00051 
001A                  00052         ChrTbl
                      00053         ;Ch0 dt 0x4,0xe,0xe,0xe,0x1f,0x0,0x4,0x0                ;Bell
001A   3400 340E 3415 00054         Ch1 dt 0x0,0xe,0x15,0x1d,0x11,0xe,0x0,0 ; clock
       341D 3411 340E 
       3400 3400 
0022   3400 340E 3411 00055         Ch2 dt 0x0,0xe,0x11,0x1d,0x15,0xe,0x0,0                 ;11 in one digit
       341D 3415 340E 
       3400 3400 
002A   3400 340E 3411 00056         Ch3 dt 0x0,0xe,0x11,0x17,0x15,0xe,0x0,0         ;12 in one digit
       3417 3415 340E 
       3400 3400 
0032   3400 340E 3415 00057         Ch4 dt 0x0,0xe,0x15,0x17,0x11,0xe,0x0,0
       3417 3411 340E 
       3400 3400 
003A   3404 340E 340E 00058         Ch5 dt 0x4,0xe,0xe,0xe,0x1f,0x0,0x4,0x0                 ;Bell
       340E 341F 3400 
       3404 3400 
                      00059 
                      00060 end
MPASM  5.51                CUSTOMLCDCHARS.ASM   4-5-2020  21:47:08         PAGE  3


SYMBOL TABLE
  LABEL                             VALUE 

ADDEN                             00000003
ADEN                              00000003
BRGH                              00000002
Bank0                             00000000
BuildCustomChars                  00000000
C                                 00000000
C1INV                             00000004
C1OUT                             00000006
C2INV                             00000005
C2OUT                             00000007
CCP1CON                           00000017
CCP1IE                            00000002
CCP1IF                            00000002
CCP1M0                            00000000
CCP1M1                            00000001
CCP1M2                            00000002
CCP1M3                            00000003
CCP1X                             00000005
CCP1Y                             00000004
CCPR1                             00000015
CCPR1H                            00000016
CCPR1L                            00000015
CIS                               00000003
CM0                               00000000
CM1                               00000001
CM2                               00000002
CMCON                             0000001F
CMIE                              00000006
CMIF                              00000006
CREN                              00000004
CSRC                              00000007
Ch1                               0000001A
Ch2                               00000022
Ch3                               0000002A
Ch4                               00000032
Ch5                               0000003A
ChrTbl                            0000001A
DATA_CP_OFF                       00003FFF
DATA_CP_ON                        00003EFF
DC                                00000001
Decimal                           00000001
Delay                             00000000
DownEnter                         00000050
Drain                             00000000
EEADR                             0000009B
EECON1                            0000009C
EECON2                            0000009D
EEDATA                            0000009A
EEIE                              00000007
EEIF                              00000007
F                                 00000001
FERR                              00000002
FSR                               00000004
MPASM  5.51                CUSTOMLCDCHARS.ASM   4-5-2020  21:47:08         PAGE  4


SYMBOL TABLE
  LABEL                             VALUE 

Flood                             00000001
GIE                               00000007
INDF                              00000000
INTCON                            0000000B
INTE                              00000004
INTEDG                            00000006
INTF                              00000001
IRP                               00000007
Idle                              000000FF
LCD_2Lines                        0000002C
LCD_4bit                          00000020
LCD_Blinc                         0000000D
LCD_Clear                         00000001
LCD_CursorHome                    00000002
LCD_DisOff                        00000008
LCD_DisOn                         0000000C
LCD_Line1                         00000080
LCD_Line2                         000000C0
LCD_Lines                         00000002
LCD_Underline                     0000000E
LCD_chr                           00000000
LCD_cmd                           00000000
Loop                              00000004
NOT_BO                            00000000
NOT_BOD                           00000000
NOT_BOR                           00000000
NOT_PD                            00000003
NOT_POR                           00000001
NOT_RBPU                          00000007
NOT_T1SYNC                        00000002
NOT_TO                            00000004
No                                00000000
OERR                              00000001
OPTION_REG                        00000081
OSCF                              00000003
OnOff                             00000003
PCL                               00000002
PCLATH                            0000000A
PCON                              0000008E
PEIE                              00000006
PIE1                              0000008C
PIR1                              0000000C
PORTA                             00000005
PORTB                             00000006
PR2                               00000092
PS0                               00000000
PS1                               00000001
PS2                               00000002
PSA                               00000003
RA0                               00000000
RA1                               00000001
RA2                               00000002
RA3                               00000003
MPASM  5.51                CUSTOMLCDCHARS.ASM   4-5-2020  21:47:08         PAGE  5


SYMBOL TABLE
  LABEL                             VALUE 

RA4                               00000004
RA5                               00000005
RA6                               00000006
RA7                               00000007
RB0                               00000000
RB1                               00000001
RB2                               00000002
RB3                               00000003
RB4                               00000004
RB5                               00000005
RB6                               00000006
RB7                               00000007
RBIE                              00000003
RBIF                              00000000
RCIE                              00000005
RCIF                              00000005
RCREG                             0000001A
RCSTA                             00000018
RD                                00000000
RP0                               00000005
RP1                               00000006
RX9                               00000006
RX9D                              00000000
ReadChrData                       00000013
SPBRG                             00000099
SPEN                              00000007
SREN                              00000005
STATUS                            00000003
SYNC                              00000004
T0CS                              00000005
T0IE                              00000005
T0IF                              00000002
T0SE                              00000004
T1CKPS0                           00000004
T1CKPS1                           00000005
T1CON                             00000010
T1OSCEN                           00000003
T2CKPS0                           00000000
T2CKPS1                           00000001
T2CON                             00000012
TMR0                              00000001
TMR0IE                            00000005
TMR0IF                            00000002
TMR1CS                            00000001
TMR1H                             0000000F
TMR1IE                            00000000
TMR1IF                            00000000
TMR1L                             0000000E
TMR1ON                            00000000
TMR2                              00000011
TMR2IE                            00000001
TMR2IF                            00000001
TMR2ON                            00000002
MPASM  5.51                CUSTOMLCDCHARS.ASM   4-5-2020  21:47:08         PAGE  6


SYMBOL TABLE
  LABEL                             VALUE 

TOUTPS0                           00000003
TOUTPS1                           00000004
TOUTPS2                           00000005
TOUTPS3                           00000006
TRISA                             00000085
TRISA0                            00000000
TRISA1                            00000001
TRISA2                            00000002
TRISA3                            00000003
TRISA4                            00000004
TRISA5                            00000005
TRISA6                            00000006
TRISA7                            00000007
TRISB                             00000086
TRISB0                            00000000
TRISB1                            00000001
TRISB2                            00000002
TRISB3                            00000003
TRISB4                            00000004
TRISB5                            00000005
TRISB6                            00000006
TRISB7                            00000007
TRMT                              00000001
TX9                               00000006
TX9D                              00000000
TXEN                              00000005
TXIE                              00000004
TXIF                              00000004
TXREG                             00000019
TXSTA                             00000098
UpEnter                           00000060
UpEsc                             000000A0
VR0                               00000000
VR1                               00000001
VR2                               00000002
VR3                               00000003
VRCON                             0000009F
VREN                              00000007
VROE                              00000006
VRR                               00000005
W                                 00000000
WR                                00000001
WREN                              00000002
WRERR                             00000003
Yes                               00000001
YesNo                             00000002
Z                                 00000002
_BODEN_OFF                        00003FBF
_BODEN_ON                         00003FFF
_BOREN_OFF                        00003FBF
_BOREN_ON                         00003FFF
_CONFIG                           00002007
_CP_OFF                           00003FFF
MPASM  5.51                CUSTOMLCDCHARS.ASM   4-5-2020  21:47:08         PAGE  7


SYMBOL TABLE
  LABEL                             VALUE 

_CP_ON                            00001FFF
_DEVID1                           00002006
_ER_OSC_CLKOUT                    00003FFF
_ER_OSC_NOCLKOUT                  00003FFE
_EXTCLK_OSC                       00003FEF
_HS_OSC                           00003FEE
_IDLOC0                           00002000
_IDLOC1                           00002001
_IDLOC2                           00002002
_IDLOC3                           00002003
_INTOSC_OSC_CLKOUT                00003FFD
_INTOSC_OSC_NOCLKOUT              00003FFC
_INTRC_OSC_CLKOUT                 00003FFD
_INTRC_OSC_NOCLKOUT               00003FFC
_LP_OSC                           00003FEC
_LVP_OFF                          00003F7F
_LVP_ON                           00003FFF
_MCLRE_OFF                        00003FDF
_MCLRE_ON                         00003FFF
_PROG2_0007                       00000007
_PROG2_000C                       0000000C
_PWRTE_OFF                        00003FFF
_PWRTE_ON                         00003FF7
_RC_OSC_CLKOUT                    00003FFF
_RC_OSC_NOCLKOUT                  00003FFE
_WDT_OFF                          00003FFB
_WDT_ON                           00003FFF
_XT_OSC                           00003FED
__16F648A                         00000001
i                                 00000000
m_RestoreBank                     
m_SaveBank                        
tmp                               00000001

Errors   :     0
Warnings :     3 reported,    12 suppressed
Messages :     0 reported,     2 suppressed

