MPASM  5.51                    DATATABLES.ASM   4-5-2020  21:41:35         PAGE  1


LOC  OBJECT CODE     LINE SOURCE TEXT
  VALUE

                      00001 #Define UI 0x00 ;Upper Item
                      00002 #Define MI 0x01 ;Middle Item
                      00003 #Define LI 0x0ff;Lower Item
                      00004 #Define ND 0x0ff; No Data
                      00005 
                      00006 
                      00007 ;Will be this in future version
                      00008 ; Menu Items Data Table
                      00009 ;Byte1: Menu Position - (Upper , Middle ,Lower)
                      00010 ;Byte2: Menu on Enter
                      00011 ;Byte3: Pointer to RoutineOneEntrer Table
                      00012 ;Byte4: Pointer to TextString Table
                      00013 ;Byte5: Pointer to SecondaryTextString Table
                      00014 ;Byte6: Pointer to Variable Table
                      00015 ;Byte7: Pointer to Cursor Table
                      00016 ;Byte8: Upper Nibble:State Machine - Lower Nibble: Number Of Variables
                      00017 
                      00018 ; comments
                      00019 ; menu position is not needed. State machine should change for upper & lower menu, to not allow further 
                            movement on button press
                      00020 ; so 'byte 1' should be "state machine to allow up to 256 state transitions.
                      00021 ;
                      00022 ;
                      00023 
                      00024 PROG2 Code
                      00025 ; ------------------------------------ 
                      00026 ; Menu Items Data Table
                      00027 ;Byte1: Menu Position (Upper , Middle ,Lower)
                      00028 ;Byte2: Menu on Enter
                      00029 ;Byte3: Routine One Enter - Pointer to Table
                      00030 ;Byte4: Pointer to Text String - PCL
                      00031 ;Byte5: Pointer to Text String - PCLATH
                      00032 ;Byte6: Pointer to Extended Variable Table - PCL
                      00033 ;Byte7: Pointer to Extended Variable Table - PCLATH
                      00034 ;Byte8: Reserved
                      00035 ; ------------------------------------ 
0000                  00036 MenuItemTbl
                      00037 ;Initial Menu
0000   3400 34FF 3403 00038 Menu1  dt       UI, ND, 3, low M1, High M1,Low Set_Time, High Set_Time,ND       ;Set Clock
       34?? 34?? 34?? 
       34?? 34FF 
0008   3401 3406 3400 00039 Menu2  dt   MI, .6, 0, low M2, High M2,ND,ND,ND                                                 ;Set Tim
                            ers
       34?? 34?? 34FF 
       34FF 34FF 
0010   3401 3435 3400 00040 Menu3  dt   MI,.53, 0, low M3, High M3,ND,ND,ND                                                 ;Set FS 
                            Delay
       34?? 34?? 34FF 
       34FF 34FF 
0018   3401 3437 3400 00041 Menu4  dt   MI,.55, 0, low M4, High M4,ND,ND,ND                                                 ;Manual 
                            Operation
       34?? 34?? 34FF 
       34FF 34FF 
MPASM  5.51                    DATATABLES.ASM   4-5-2020  21:41:35         PAGE  2


LOC  OBJECT CODE     LINE SOURCE TEXT
  VALUE

0020   34FF 34FF 3405 00042 Menu5  dt   LI, ND, 5, low M5, High M5,ND,ND,ND         ;Exit
       34?? 34?? 34FF 
       34FF 34FF 
                      00043 ;Menu666 dt  LI,ND, 5, low M666, High M666,ND,ND,ND             ;Exit
                      00044 
                      00045 ;Timers
0028   3400 3408 3400 00046 Menu6  dt  UI, .8 ,0 ,low M6,High M6,ND,ND,ND ; Cycle Timer
       34?? 34?? 34FF 
       34FF 34FF 
0030   34FF 340D 3400 00047 Menu7  dt  LI,.13 ,0 ,low M7,High M7,ND,ND,ND ; Absolute Timer
       34?? 34?? 34FF 
       34FF 34FF 
                      00048 
                      00049 ;Cycle Timer
0038   3400 34FF 3400 00050 Menu8  dt  UI,ND,0, low M8 ,High  M8,Low Cycle_Tmr_Status ,High Cycle_Tmr_Status,ND
       34?? 34?? 34?? 
       34?? 34FF 
0040   3401 34FF 3400 00051 Menu9  dt  MI,ND,0, low M9 ,High  M9,Low Cycle_Tmr_Start  ,High Cycle_Tmr_Start ,ND
       34?? 34?? 34?? 
       34?? 34FF 
0048   3401 34FF 3400 00052 Menu10 dt  MI,ND,0, low M10,High M10,Low Cycle_Tmr_Stop   ,High Cycle_Tmr_Stop  ,ND
       34?? 34?? 34?? 
       34?? 34FF 
0050   3401 34FF 3400 00053 Menu11 dt  MI,ND,0, low M11,High M11,Low Cycle_Tmr_Flood  ,High Cycle_Tmr_Flood ,ND
       34?? 34?? 34?? 
       34?? 34FF 
0058   34FF 34FF 3400 00054 Menu12 dt  LI,ND,0, low M12,High M12,Low Cycle_Tmr_Drain  ,High Cycle_Tmr_Drain ,ND
       34?? 34?? 34?? 
       34?? 34FF 
                      00055 
                      00056 ;Absolute Timers
0060   3400 3417 3400 00057 Menu13 dt       UI,.23,0, low M13 ,High M13 ,ND,ND,ND ;1
       34?? 34?? 34FF 
       34FF 34FF 
0068   3401 341A 3400 00058 Menu14 dt       MI,.26,0, low M14 ,High M14 ,ND,ND,ND ;2
       34?? 34?? 34FF 
       34FF 34FF 
0070   3401 341D 3400 00059 Menu15 dt       MI,.29,0, low M15 ,High M15 ,ND,ND,ND ;3
       34?? 34?? 34FF 
       34FF 34FF 
0078   3401 3420 3400 00060 Menu16 dt       MI,.32,0, low M16 ,High M16 ,ND,ND,ND ;4
       34?? 34?? 34FF 
       34FF 34FF 
0080   3401 3423 3400 00061 Menu17 dt       MI,.35,0, low M17 ,High M17 ,ND,ND,ND ;5
       34?? 34?? 34FF 
       34FF 34FF 
0088   3401 3426 3400 00062 Menu18 dt       MI,.38,0, low M18 ,High M18 ,ND,ND,ND ;6
       34?? 34?? 34FF 
       34FF 34FF 
0090   3401 3429 3400 00063 Menu19 dt       MI,.41,0, low M19 ,High M19 ,ND,ND,ND ;7
       34?? 34?? 34FF 
       34FF 34FF 
0098   3401 342C 3400 00064 Menu20 dt       MI,.44,0, low M20 ,High M20 ,ND,ND,ND ;8
MPASM  5.51                    DATATABLES.ASM   4-5-2020  21:41:35         PAGE  3


LOC  OBJECT CODE     LINE SOURCE TEXT
  VALUE

       34?? 34?? 34FF 
       34FF 34FF 
00A0   3401 342F 3400 00065 Menu21 dt       MI,.47,0, low M21 ,High M21 ,ND,ND,ND ;9
       34?? 34?? 34FF 
       34FF 34FF 
00A8   34FF 3432 3400 00066 Menu22 dt       LI,.50,0, low M22 ,High M22 ,ND,ND,ND ;10
       34?? 34?? 34FF 
       34FF 34FF 
                      00067 
                      00068 ;tmr1
00B0   3400 34FF 3400 00069 Menu23 dt       UI,ND,0, low StatusTxt,High StatusTxt,Low ExtMI_Tmr1_Status ,High ExtMI_Tmr1_Status,ND
       34?? 34?? 34?? 
       34?? 34FF 
00B8   3401 34FF 3400 00070 Menu24 dt       MI,ND,0, low FloodTxt ,High FloodTxt ,Low ExtMI_Tmr1_Flood  ,High ExtMI_Tmr1_Flood,ND
       34?? 34?? 34?? 
       34?? 34FF 
00C0   34FF 34FF 3400 00071 Menu25 dt       LI,ND,0, low DrainTxt ,High DrainTxt ,Low ExtMI_Tmr1_Drain  ,High ExtMI_Tmr1_Drain,ND
       34?? 34?? 34?? 
       34?? 34FF 
                      00072 ;tmr2
00C8   3400 34FF 3400 00073 Menu26 dt       UI,ND,0, low StatusTxt,High StatusTxt,Low ExtMI_Tmr2_Status ,High ExtMI_Tmr2_Status,ND
       34?? 34?? 34?? 
       34?? 34FF 
00D0   3401 34FF 3400 00074 Menu27 dt       MI,ND,0, low FloodTxt ,High FloodTxt ,Low ExtMI_Tmr2_Flood  ,High ExtMI_Tmr2_Flood,ND
       34?? 34?? 34?? 
       34?? 34FF 
00D8   34FF 34FF 3400 00075 Menu28 dt       LI,ND,0, low DrainTxt ,High DrainTxt ,Low ExtMI_Tmr2_Drain  ,High ExtMI_Tmr2_Drain,ND
       34?? 34?? 34?? 
       34?? 34FF 
                      00076 ;tmr3
00E0   3400 34FF 3400 00077 Menu29 dt       UI,ND,0, low StatusTxt,High StatusTxt,Low ExtMI_Tmr3_Status ,High ExtMI_Tmr3_Status,ND
       34?? 34?? 34?? 
       34?? 34FF 
00E8   3401 34FF 3400 00078 Menu30 dt       MI,ND,0, low FloodTxt ,High FloodTxt ,Low ExtMI_Tmr3_Flood  ,High ExtMI_Tmr3_Flood,ND
       34?? 34?? 34?? 
       34?? 34FF 
00F0   34FF 34FF 3400 00079 Menu31 dt       LI,ND,0, low DrainTxt ,High DrainTxt ,Low ExtMI_Tmr3_Drain  ,High ExtMI_Tmr3_Drain,ND
       34?? 34?? 34?? 
       34?? 34FF 
                      00080 ;tmr4
00F8   3400 34FF 3400 00081 Menu32 dt       UI,ND,0, low StatusTxt,High StatusTxt,Low ExtMI_Tmr4_Status ,High ExtMI_Tmr4_Status,ND
       34?? 34?? 34?? 
       34?? 34FF 
0100   3401 34FF 3400 00082 Menu33 dt       MI,ND,0, low FloodTxt ,High FloodTxt ,Low ExtMI_Tmr4_Flood  ,High ExtMI_Tmr4_Flood,ND
       34?? 34?? 34?? 
       34?? 34FF 
0108   34FF 34FF 3400 00083 Menu34 dt       LI,ND,0, low DrainTxt ,High DrainTxt ,Low ExtMI_Tmr4_Drain  ,High ExtMI_Tmr4_Drain,ND
       34?? 34?? 34?? 
       34?? 34FF 
                      00084 ;tmr5
0110   3400 34FF 3400 00085 Menu35 dt       UI,ND,0, low StatusTxt,High StatusTxt,Low ExtMI_Tmr5_Status ,High ExtMI_Tmr5_Status,ND
       34?? 34?? 34?? 
       34?? 34FF 
MPASM  5.51                    DATATABLES.ASM   4-5-2020  21:41:35         PAGE  4


LOC  OBJECT CODE     LINE SOURCE TEXT
  VALUE

0118   3401 34FF 3400 00086 Menu36 dt       MI,ND,0, low FloodTxt ,High FloodTxt ,Low ExtMI_Tmr5_Flood  ,High ExtMI_Tmr5_Flood,ND
       34?? 34?? 34?? 
       34?? 34FF 
0120   34FF 34FF 3400 00087 Menu37 dt       LI,ND,0, low DrainTxt ,High DrainTxt ,Low ExtMI_Tmr5_Drain  ,High ExtMI_Tmr5_Drain,ND
       34?? 34?? 34?? 
       34?? 34FF 
                      00088 ;tmr6
0128   3400 34FF 3400 00089 Menu38 dt       UI,ND,0, low StatusTxt,High StatusTxt,Low ExtMI_Tmr6_Status ,High ExtMI_Tmr6_Status,ND
       34?? 34?? 34?? 
       34?? 34FF 
0130   3401 34FF 3400 00090 Menu39 dt       MI,ND,0, low FloodTxt ,High FloodTxt ,Low ExtMI_Tmr6_Flood  ,High ExtMI_Tmr6_Flood,ND
       34?? 34?? 34?? 
       34?? 34FF 
0138   34FF 34FF 3400 00091 Menu40 dt       LI,ND,0, low DrainTxt ,High DrainTxt ,Low ExtMI_Tmr6_Drain  ,High ExtMI_Tmr6_Drain,ND
       34?? 34?? 34?? 
       34?? 34FF 
                      00092 ;tmr7
0140   3400 34FF 3400 00093 Menu41 dt       UI,ND,0, low StatusTxt,High StatusTxt,Low ExtMI_Tmr7_Status ,High ExtMI_Tmr7_Status,ND
       34?? 34?? 34?? 
       34?? 34FF 
0148   3401 34FF 3400 00094 Menu42 dt       MI,ND,0, low FloodTxt ,High FloodTxt ,Low ExtMI_Tmr7_Flood  ,High ExtMI_Tmr7_Flood,ND
       34?? 34?? 34?? 
       34?? 34FF 
0150   34FF 34FF 3400 00095 Menu43 dt       LI,ND,0, low DrainTxt ,High DrainTxt ,Low ExtMI_Tmr7_Drain  ,High ExtMI_Tmr7_Drain,ND
       34?? 34?? 34?? 
       34?? 34FF 
                      00096 ;tmr9
0158   3400 34FF 3400 00097 Menu44 dt       UI,ND,0, low StatusTxt,High StatusTxt,Low ExtMI_Tmr8_Status ,High ExtMI_Tmr8_Status,ND
       34?? 34?? 34?? 
       34?? 34FF 
0160   3401 34FF 3400 00098 Menu45 dt       MI,ND,0, low FloodTxt ,High FloodTxt ,Low ExtMI_Tmr8_Flood  ,High ExtMI_Tmr8_Flood,ND
       34?? 34?? 34?? 
       34?? 34FF 
0168   34FF 34FF 3400 00099 Menu46 dt       LI,ND,0, low DrainTxt ,High DrainTxt ,Low ExtMI_Tmr8_Drain  ,High ExtMI_Tmr8_Drain,ND
       34?? 34?? 34?? 
       34?? 34FF 
                      00100 ;tmr9
0170   3400 34FF 3400 00101 Menu47 dt       UI,ND,0, low StatusTxt,High StatusTxt,Low ExtMI_Tmr9_Status ,High ExtMI_Tmr9_Status,ND
       34?? 34?? 34?? 
       34?? 34FF 
0178   3401 34FF 3400 00102 Menu48 dt       MI,ND,0, low FloodTxt ,High FloodTxt ,Low ExtMI_Tmr9_Flood  ,High ExtMI_Tmr9_Flood,ND
       34?? 34?? 34?? 
       34?? 34FF 
0180   34FF 34FF 3400 00103 Menu49 dt       LI,ND,0, low DrainTxt ,High DrainTxt ,Low ExtMI_Tmr9_Drain  ,High ExtMI_Tmr9_Drain,ND
       34?? 34?? 34?? 
       34?? 34FF 
                      00104 ;tmr10
0188   3400 34FF 3400 00105 Menu50 dt       UI,ND,0, low StatusTxt,High StatusTxt,Low ExtMI_Tmr10_Status ,High ExtMI_Tmr10_Status,ND
       34?? 34?? 34?? 
       34?? 34FF 
0190   3401 34FF 3400 00106 Menu51 dt       MI,ND,0, low FloodTxt ,High FloodTxt ,Low ExtMI_Tmr10_Flood  ,High ExtMI_Tmr10_Flood,ND
       34?? 34?? 34?? 
       34?? 34FF 
MPASM  5.51                    DATATABLES.ASM   4-5-2020  21:41:35         PAGE  5


LOC  OBJECT CODE     LINE SOURCE TEXT
  VALUE

0198   34FF 34FF 3400 00107 Menu52 dt       LI,ND,0, low DrainTxt ,High DrainTxt ,Low ExtMI_Tmr10_Drain  ,High ExtMI_Tmr10_Drain,ND
       34?? 34?? 34?? 
       34?? 34FF 
                      00108 
                      00109 ;Set FS Delay
01A0   3400 34FF 3400 00110 Menu53 dt       UI,ND,0,low M53,High M53,Low Set_UFSw,High Set_UFSw,ND
       34?? 34?? 34?? 
       34?? 34FF 
01A8   34FF 34FF 3400 00111 Menu54 dt       LI,ND,0,low M54,High M54,Low Set_LFSw,High Set_LFSw,ND
       34?? 34?? 34?? 
       34?? 34FF 
                      00112 
                      00113 ;Manually Operate
01B0   3400 34FF 3406 00114 Menu55 dt       UI,ND,.6,low M55,High M55,ND,ND,ND
       34?? 34?? 34FF 
       34FF 34FF 
01B8   3401 34FF 3407 00115 Menu56 dt       MI,ND,.7,low M56,High M56,ND,ND,ND
       34?? 34?? 34FF 
       34FF 34FF 
01C0   34FF 34FF 3408 00116 Menu57 dt       LI,ND,.8,low M57,High M57,ND,ND,ND
       34?? 34?? 34FF 
       34FF 34FF 
                      00117 
                      00118 ; ------------------------------------ 
                      00119 ; Extended Menu Item Table
                      00120 ; Byte1: Number of Variables
                      00121 ; Byte2: Variable Table Offset
                      00122 ; Byte3: Variable Table Segment
                      00123 ; Byte4: Text Offset
                      00124 ; Byte5: Text Segment
                      00125 ; Byte6: Cursor Table Offset
                      00126 ; Byte7: Cursor Table Segment
                      00127 ; Byte8: State Machine
                      00128 ; ------------------------------------ 
                      00129 
01C8   3401 34?? 34?? 00130 Cycle_Tmr_Status        dt 1,Low CycleTmrVarS , High CycleTmrVarS  ,Low StatusText , High StatusText ,Lo
                            w CursorOnOff,High CursorOnOff,1
       34?? 34?? 34?? 
       34?? 3401 
01D0   3402 34?? 34?? 00131 Cycle_Tmr_Start         dt 2,Low CycleTmrVarSR, High CycleTmrVarSR ,Low TimeText  , High TimeText  ,Low 
                            CursorTime ,High CursorTime ,1
       34?? 34?? 34?? 
       34?? 3401 
01D8   3402 34?? 34?? 00132 Cycle_Tmr_Stop          dt 2,Low CycleTmrVarSP, High CycleTmrVarSP ,Low TimeText   , High TimeText   ,Lo
                            w CursorTime ,High CursorTime ,1
       34?? 34?? 34?? 
       34?? 3401 
01E0   3401 34?? 34?? 00133 Cycle_Tmr_Flood         dt 1,Low CycleTmrVarF , High CycleTmrVarF  ,Low MinText , High MinText ,Low Curs
                            orCycle ,High CursorCycle ,1
       34?? 34?? 34?? 
       34?? 3401 
01E8   3402 34?? 34?? 00134 Cycle_Tmr_Drain         dt 2,Low CycleTmrVarD , High CycleTmrVarD  ,Low TimeText , High TimeText ,Low Cu
                            rsorTime ,High CursorTime ,1
MPASM  5.51                    DATATABLES.ASM   4-5-2020  21:41:35         PAGE  6


LOC  OBJECT CODE     LINE SOURCE TEXT
  VALUE

       34?? 34?? 34?? 
       34?? 3401 
                      00135 
01F0   3401 34?? 34?? 00136 ExtMI_Tmr1_Status dt 1,Low VarTbl_Tmr1S, High VarTbl_Tmr1S,Low StatusText, High StatusText,Low CursorOnO
                            ff,High CursorOnOff,1
       34?? 34?? 34?? 
       34?? 3401 
01F8   3402 34?? 34?? 00137 ExtMI_Tmr1_Flood  dt 2,Low VarTbl_Tmr1F, High VarTbl_Tmr1F,Low TimeText , High TimeText ,Low CursorTime 
                            ,High CursorTime ,1
       34?? 34?? 34?? 
       34?? 3401 
0200   3402 34?? 34?? 00138 ExtMI_Tmr1_Drain  dt 2,Low VarTbl_Tmr1D, High VarTbl_Tmr1D,Low TimeText , High TimeText ,Low CursorTime 
                            ,High CursorTime ,1
       34?? 34?? 34?? 
       34?? 3401 
                      00139  
0208   3401 34?? 34?? 00140 ExtMI_Tmr2_Status dt 1,Low VarTbl_Tmr2S, High VarTbl_Tmr2S,Low StatusText, High StatusText,Low CursorOnO
                            ff,High CursorOnOff,1
       34?? 34?? 34?? 
       34?? 3401 
0210   3402 34?? 34?? 00141 ExtMI_Tmr2_Flood  dt 2,Low VarTbl_Tmr2F, High VarTbl_Tmr2F,Low TimeText , High TimeText ,Low CursorTime 
                            ,High CursorTime ,1
       34?? 34?? 34?? 
       34?? 3401 
0218   3402 34?? 34?? 00142 ExtMI_Tmr2_Drain  dt 2,Low VarTbl_Tmr2D, High VarTbl_Tmr2D,Low TimeText , High TimeText ,Low CursorTime 
                            ,High CursorTime ,1
       34?? 34?? 34?? 
       34?? 3401 
                      00143 
0220   3401 34?? 34?? 00144 ExtMI_Tmr3_Status dt 1,Low VarTbl_Tmr3S, High VarTbl_Tmr3S,Low StatusText, High StatusText,Low CursorOnO
                            ff,High CursorOnOff,1
       34?? 34?? 34?? 
       34?? 3401 
0228   3402 34?? 34?? 00145 ExtMI_Tmr3_Flood  dt 2,Low VarTbl_Tmr3F, High VarTbl_Tmr3F,Low TimeText , High TimeText ,Low CursorTime 
                            ,High CursorTime ,1
       34?? 34?? 34?? 
       34?? 3401 
0230   3402 34?? 34?? 00146 ExtMI_Tmr3_Drain  dt 2,Low VarTbl_Tmr3D, High VarTbl_Tmr3D,Low TimeText , High TimeText ,Low CursorTime 
                            ,High CursorTime ,1
       34?? 34?? 34?? 
       34?? 3401 
                      00147 
0238   3401 34?? 34?? 00148 ExtMI_Tmr4_Status dt 1,Low VarTbl_Tmr4S, High VarTbl_Tmr4S,Low StatusText, High StatusText,Low CursorOnO
                            ff,High CursorOnOff,1
       34?? 34?? 34?? 
       34?? 3401 
0240   3402 34?? 34?? 00149 ExtMI_Tmr4_Flood  dt 2,Low VarTbl_Tmr4F, High VarTbl_Tmr4F,Low TimeText , High TimeText ,Low CursorTime 
                            ,High CursorTime ,1
       34?? 34?? 34?? 
       34?? 3401 
0248   3402 34?? 34?? 00150 ExtMI_Tmr4_Drain  dt 2,Low VarTbl_Tmr4D, High VarTbl_Tmr4D,Low TimeText , High TimeText ,Low CursorTime 
                            ,High CursorTime ,1
       34?? 34?? 34?? 
MPASM  5.51                    DATATABLES.ASM   4-5-2020  21:41:35         PAGE  7


LOC  OBJECT CODE     LINE SOURCE TEXT
  VALUE

       34?? 3401 
                      00151 
0250   3401 34?? 34?? 00152 ExtMI_Tmr5_Status dt 1,Low VarTbl_Tmr5S, High VarTbl_Tmr5S,Low StatusText, High StatusText,Low CursorOnO
                            ff,High CursorOnOff,1
       34?? 34?? 34?? 
       34?? 3401 
0258   3402 34?? 34?? 00153 ExtMI_Tmr5_Flood  dt 2,Low VarTbl_Tmr5F, High VarTbl_Tmr5F,Low TimeText , High TimeText ,Low CursorTime 
                            ,High CursorTime ,1
       34?? 34?? 34?? 
       34?? 3401 
0260   3402 34?? 34?? 00154 ExtMI_Tmr5_Drain  dt 2,Low VarTbl_Tmr5D, High VarTbl_Tmr5D,Low TimeText , High TimeText ,Low CursorTime 
                            ,High CursorTime ,1
       34?? 34?? 34?? 
       34?? 3401 
                      00155 
0268   3401 34?? 34?? 00156 ExtMI_Tmr6_Status dt 1,Low VarTbl_Tmr6S, High VarTbl_Tmr6S,Low StatusText, High StatusText,Low CursorOnO
                            ff,High CursorOnOff,1
       34?? 34?? 34?? 
       34?? 3401 
0270   3402 34?? 34?? 00157 ExtMI_Tmr6_Flood  dt 2,Low VarTbl_Tmr6F, High VarTbl_Tmr6F,Low TimeText , High TimeText ,Low CursorTime 
                            ,High CursorTime ,1
       34?? 34?? 34?? 
       34?? 3401 
0278   3402 34?? 34?? 00158 ExtMI_Tmr6_Drain  dt 2,Low VarTbl_Tmr6D, High VarTbl_Tmr6D,Low TimeText , High TimeText ,Low CursorTime 
                            ,High CursorTime ,1
       34?? 34?? 34?? 
       34?? 3401 
                      00159 
0280   3401 34?? 34?? 00160 ExtMI_Tmr7_Status dt 1,Low VarTbl_Tmr7S, High VarTbl_Tmr7S,Low StatusText, High StatusText,Low CursorOnO
                            ff,High CursorOnOff,1
       34?? 34?? 34?? 
       34?? 3401 
0288   3402 34?? 34?? 00161 ExtMI_Tmr7_Flood  dt 2,Low VarTbl_Tmr7F, High VarTbl_Tmr7F,Low TimeText , High TimeText ,Low CursorTime 
                            ,High CursorTime ,1
       34?? 34?? 34?? 
       34?? 3401 
0290   3402 34?? 34?? 00162 ExtMI_Tmr7_Drain  dt 2,Low VarTbl_Tmr7D, High VarTbl_Tmr7D,Low TimeText , High TimeText ,Low CursorTime 
                            ,High CursorTime ,1
       34?? 34?? 34?? 
       34?? 3401 
                      00163 
0298   3401 34?? 34?? 00164 ExtMI_Tmr8_Status dt 1,Low VarTbl_Tmr8S, High VarTbl_Tmr8S,Low StatusText, High StatusText,Low CursorOnO
                            ff,High CursorOnOff,1
       34?? 34?? 34?? 
       34?? 3401 
02A0   3402 34?? 34?? 00165 ExtMI_Tmr8_Flood  dt 2,Low VarTbl_Tmr8F, High VarTbl_Tmr8F,Low TimeText , High TimeText ,Low CursorTime 
                            ,High CursorTime ,1
       34?? 34?? 34?? 
       34?? 3401 
02A8   3402 34?? 34?? 00166 ExtMI_Tmr8_Drain  dt 2,Low VarTbl_Tmr9D, High VarTbl_Tmr8D,Low TimeText , High TimeText ,Low CursorTime 
                            ,High CursorTime ,1
       34?? 34?? 34?? 
       34?? 3401 
MPASM  5.51                    DATATABLES.ASM   4-5-2020  21:41:35         PAGE  8


LOC  OBJECT CODE     LINE SOURCE TEXT
  VALUE

                      00167 
02B0   3401 34?? 34?? 00168 ExtMI_Tmr9_Status dt 1,Low VarTbl_Tmr9S, High VarTbl_Tmr9S,Low StatusText, High StatusText,Low CursorOnO
                            ff,High CursorOnOff,1
       34?? 34?? 34?? 
       34?? 3401 
02B8   3402 34?? 34?? 00169 ExtMI_Tmr9_Flood  dt 2,Low VarTbl_Tmr9F, High VarTbl_Tmr9F,Low TimeText , High TimeText ,Low CursorTime 
                            ,High CursorTime ,1
       34?? 34?? 34?? 
       34?? 3401 
02C0   3402 34?? 34?? 00170 ExtMI_Tmr9_Drain  dt 2,Low VarTbl_Tmr9D, High VarTbl_Tmr9D,Low TimeText , High TimeText ,Low CursorTime 
                            ,High CursorTime ,1
       34?? 34?? 34?? 
       34?? 3401 
                      00171 
02C8   3401 34?? 34?? 00172 ExtMI_Tmr10_Status dt 1,Low VarTbl_Tmr10S, High VarTbl_Tmr10S,Low StatusText, High StatusText,Low Cursor
                            OnOff,High CursorOnOff,1
       34?? 34?? 34?? 
       34?? 3401 
02D0   3402 34?? 34?? 00173 ExtMI_Tmr10_Flood  dt 2,Low VarTbl_Tmr10F, High VarTbl_Tmr10F,Low TimeText , High TimeText ,Low CursorTi
                            me ,High CursorTime ,1
       34?? 34?? 34?? 
       34?? 3401 
02D8   3402 34?? 34?? 00174 ExtMI_Tmr10_Drain  dt 2,Low VarTbl_Tmr10D, High VarTbl_Tmr10D,Low TimeText , High TimeText ,Low CursorTi
                            me ,High CursorTime ,1
       34?? 34?? 34?? 
       34?? 3401 
                      00175 
02E0   3403 34?? 34?? 00176 Set_Time dt 3,Low TimeVar, High TimeVar,Low ClockText , High ClockText ,Low CursorFullTime ,High CursorF
                            ullTime ,5
       34?? 34?? 34?? 
       34?? 3405 
02E8   3401 34?? 34?? 00177 Set_UFSw dt 1,Low UFSwVar, High UFSwVar,Low DecText , High DecText ,Low CursorFSw ,High CursorFSw ,1
       34?? 34?? 34?? 
       34?? 3401 
02F0   3401 34?? 34?? 00178 Set_LFSw dt 1,Low LFSwVar, High LFSwVar,Low DecText , High DecText ,Low CursorFSw ,High CursorFSw ,1
       34?? 34?? 34?? 
       34?? 3401 
                      00179 
                      00180 
                      00181 
                      00182 ; ------------------------------------ 
                      00183 ; Variables Data Table
                      00184 ;Byte1: EEPROM address
                      00185 ;Byte2: Datatype
                      00186 ;Byte3: Min Value
                      00187 ;Byte4: Max Value
                      00188 ; ------------------------------------ 
02F8                  00189 VarTable
Error[113]  : Symbol not previously defined (Decimal)
02F8   3400 3400 3400 00190 VarTbl_Tmr1F    dt  .0,Decimal,0x00,0x17;hh
       3417 
Error[113]  : Symbol not previously defined (Decimal)
02FC   3401 3400 3400 00191                                 dt  .1,Decimal,0x00,0x3b;mm
MPASM  5.51                    DATATABLES.ASM   4-5-2020  21:41:35         PAGE  9


LOC  OBJECT CODE     LINE SOURCE TEXT
  VALUE

       343B 
Error[113]  : Symbol not previously defined (Decimal)
0300   3402 3400 3400 00192 VarTbl_Tmr1D    dt  .2,Decimal,0x00,0x17;hh
       3417 
Error[113]  : Symbol not previously defined (Decimal)
0304   3403 3400 3400 00193                                 dt  .3,Decimal,0x00,0x3b;mm
       343B 
Error[113]  : Symbol not previously defined (OnOff)
0308   3404 3400 3400 00194 VarTbl_Tmr1S    dt  .4,OnOff,0x00,0x01; On/Off
       3401 
                      00195 
Error[113]  : Symbol not previously defined (Decimal)
030C   3405 3400 3400 00196 VarTbl_Tmr2F    dt  .5,Decimal,0x00,0x17;hh
       3417 
Error[113]  : Symbol not previously defined (Decimal)
0310   3406 3400 3400 00197                                 dt  .6,Decimal,0x00,0x3b;mm
       343B 
Error[113]  : Symbol not previously defined (Decimal)
0314   3407 3400 3400 00198 VarTbl_Tmr2D    dt  .7,Decimal,0x00,0x17;hh
       3417 
Error[113]  : Symbol not previously defined (Decimal)
0318   3408 3400 3400 00199                                 dt  .8,Decimal,0x00,0x3b;mm
       343B 
Error[113]  : Symbol not previously defined (OnOff)
031C   3409 3400 3400 00200 VarTbl_Tmr2S    dt  .9,OnOff,0x00,0x01; On/Off
       3401 
                      00201 
Error[113]  : Symbol not previously defined (Decimal)
0320   340A 3400 3400 00202 VarTbl_Tmr3F    dt  .10,Decimal,0x00,0x17;hh
       3417 
Error[113]  : Symbol not previously defined (Decimal)
0324   340B 3400 3400 00203                                 dt  .11,Decimal,0x00,0x3b;mm
       343B 
Error[113]  : Symbol not previously defined (Decimal)
0328   340C 3400 3400 00204 VarTbl_Tmr3D    dt  .12,Decimal,0x00,0x17;hh
       3417 
Error[113]  : Symbol not previously defined (Decimal)
032C   340D 3400 3400 00205                                 dt  .13,Decimal,0x00,0x3b;mm
       343B 
Error[113]  : Symbol not previously defined (OnOff)
0330   340E 3400 3400 00206 VarTbl_Tmr3S    dt  .14,OnOff,0x00,0x01; On/Off
       3401 
                      00207 
Error[113]  : Symbol not previously defined (Decimal)
0334   340F 3400 3400 00208 VarTbl_Tmr4F    dt  .15,Decimal,0x00,0x17;hh
       3417 
Error[113]  : Symbol not previously defined (Decimal)
0338   3410 3400 3400 00209                                 dt  .16,Decimal,0x00,0x3b;mm
       343B 
Error[113]  : Symbol not previously defined (Decimal)
033C   3411 3400 3400 00210 VarTbl_Tmr4D    dt  .17,Decimal,0x00,0x17;hh
       3417 
Error[113]  : Symbol not previously defined (Decimal)
MPASM  5.51                    DATATABLES.ASM   4-5-2020  21:41:35         PAGE 10


LOC  OBJECT CODE     LINE SOURCE TEXT
  VALUE

0340   3412 3400 3400 00211                                 dt  .18,Decimal,0x00,0x3b;mm
       343B 
Error[113]  : Symbol not previously defined (OnOff)
0344   3413 3400 3400 00212 VarTbl_Tmr4S    dt  .19,OnOff,0x00,0x01; On/Off
       3401 
                      00213 
Error[113]  : Symbol not previously defined (Decimal)
0348   3414 3400 3400 00214 VarTbl_Tmr5F    dt  .20,Decimal,0x00,0x17;hh
       3417 
Error[113]  : Symbol not previously defined (Decimal)
034C   3415 3400 3400 00215                                 dt  .21,Decimal,0x00,0x3b;mm
       343B 
Error[113]  : Symbol not previously defined (Decimal)
0350   3416 3400 3400 00216 VarTbl_Tmr5D    dt  .22,Decimal,0x00,0x17;hh
       3417 
Error[113]  : Symbol not previously defined (Decimal)
0354   3417 3400 3400 00217                                 dt  .23,Decimal,0x00,0x3b;mm
       343B 
Error[113]  : Symbol not previously defined (OnOff)
0358   3418 3400 3400 00218 VarTbl_Tmr5S    dt  .24,OnOff,0x00,0x01; On/Off
       3401 
                      00219 
Error[113]  : Symbol not previously defined (Decimal)
035C   3419 3400 3400 00220 VarTbl_Tmr6F    dt  .25,Decimal,0x00,0x17;hh
       3417 
Error[113]  : Symbol not previously defined (Decimal)
0360   341A 3400 3400 00221                                 dt  .26,Decimal,0x00,0x3b;mm
       343B 
Error[113]  : Symbol not previously defined (Decimal)
0364   341B 3400 3400 00222 VarTbl_Tmr6D    dt  .27,Decimal,0x00,0x17;hh
       3417 
Error[113]  : Symbol not previously defined (Decimal)
0368   341C 3400 3400 00223                                 dt  .28,Decimal,0x00,0x3b;mm
       343B 
Error[113]  : Symbol not previously defined (OnOff)
036C   341D 3400 3400 00224 VarTbl_Tmr6S    dt  .29,OnOff,0x00,0x01; On/Off
       3401 
                      00225 
Error[113]  : Symbol not previously defined (Decimal)
0370   341E 3400 3400 00226 VarTbl_Tmr7F    dt  .30,Decimal,0x00,0x17;hh
       3417 
Error[113]  : Symbol not previously defined (Decimal)
0374   341F 3400 3400 00227                                 dt  .31,Decimal,0x00,0x3b;mm
       343B 
Error[113]  : Symbol not previously defined (Decimal)
0378   3420 3400 3400 00228 VarTbl_Tmr7D    dt  .32,Decimal,0x00,0x17;hh
       3417 
Error[113]  : Symbol not previously defined (Decimal)
037C   3421 3400 3400 00229                                 dt  .33,Decimal,0x00,0x3b;mm
       343B 
Error[113]  : Symbol not previously defined (OnOff)
0380   3422 3400 3400 00230 VarTbl_Tmr7S    dt  .34,OnOff,0x00,0x01; On/Off
       3401 
MPASM  5.51                    DATATABLES.ASM   4-5-2020  21:41:35         PAGE 11


LOC  OBJECT CODE     LINE SOURCE TEXT
  VALUE

                      00231 
Error[113]  : Symbol not previously defined (Decimal)
0384   3423 3400 3400 00232 VarTbl_Tmr8F    dt  .35,Decimal,0x00,0x17;hh
       3417 
Error[113]  : Symbol not previously defined (Decimal)
0388   3424 3400 3400 00233                                 dt  .36,Decimal,0x00,0x3b;mm
       343B 
Error[113]  : Symbol not previously defined (Decimal)
038C   3425 3400 3400 00234 VarTbl_Tmr8D    dt  .37,Decimal,0x00,0x17;hh
       3417 
Error[113]  : Symbol not previously defined (Decimal)
0390   3426 3400 3400 00235                                 dt  .38,Decimal,0x00,0x3b;mm
       343B 
Error[113]  : Symbol not previously defined (OnOff)
0394   3427 3400 3400 00236 VarTbl_Tmr8S    dt  .39,OnOff,0x00,0x01; On/Off
       3401 
                      00237 
Error[113]  : Symbol not previously defined (Decimal)
0398   3428 3400 3400 00238 VarTbl_Tmr9F    dt  .40,Decimal,0x00,0x17;hh
       3417 
Error[113]  : Symbol not previously defined (Decimal)
039C   3429 3400 3400 00239                                 dt  .41,Decimal,0x00,0x3b;mm
       343B 
Error[113]  : Symbol not previously defined (Decimal)
03A0   342A 3400 3400 00240 VarTbl_Tmr9D    dt  .42,Decimal,0x00,0x17;hh
       3417 
Error[113]  : Symbol not previously defined (Decimal)
03A4   342B 3400 3400 00241                                 dt  .43,Decimal,0x00,0x3b;mm
       343B 
Error[113]  : Symbol not previously defined (OnOff)
03A8   342C 3400 3400 00242 VarTbl_Tmr9S    dt  .44,OnOff,0x00,0x01; On/Off
       3401 
                      00243 
Error[113]  : Symbol not previously defined (Decimal)
03AC   342D 3400 3400 00244 VarTbl_Tmr10F   dt  .45,Decimal,0x00,0x17;hh
       3417 
Error[113]  : Symbol not previously defined (Decimal)
03B0   342E 3400 3400 00245                             dt  .46,Decimal,0x00,0x3b;mm
       343B 
Error[113]  : Symbol not previously defined (Decimal)
03B4   342F 3400 3400 00246 VarTbl_Tmr10D   dt  .47,Decimal,0x00,0x17;hh
       3417 
Error[113]  : Symbol not previously defined (Decimal)
03B8   3430 3400 3400 00247                                 dt  .48,Decimal,0x00,0x3b;mm
       343B 
Error[113]  : Symbol not previously defined (OnOff)
03BC   3431 3400 3400 00248 VarTbl_Tmr10S   dt  .49,OnOff,0x00,0x01; On/Off
       3401 
                      00249 
Error[113]  : Symbol not previously defined (Decimal)
03C0   3432 3400 3400 00250 TimeVar                 dt  .50,Decimal,0x00,0x17   ;hh
       3417 
Error[113]  : Symbol not previously defined (Decimal)
MPASM  5.51                    DATATABLES.ASM   4-5-2020  21:41:35         PAGE 12


LOC  OBJECT CODE     LINE SOURCE TEXT
  VALUE

03C4   3433 3400 3400 00251                             dt  .51,Decimal,0x00,0x3b   ;mm
       343B 
Error[113]  : Symbol not previously defined (Decimal)
03C8   3434 3400 3400 00252                             dt  .52,Decimal,0x00,0x3b   ;ss
       343B 
                      00253 
Error[113]  : Symbol not previously defined (Decimal)
03CC   3435 3400 3400 00254 UFSwVar                 dt  .53,Decimal,0x00,.99        ;sec
       3463 
Error[113]  : Symbol not previously defined (Decimal)
03D0   3436 3400 3400 00255 LFSwVar                 dt  .54,Decimal,0x00,.99        ;sec
       3463 
                      00256 
Error[113]  : Symbol not previously defined (OnOff)
03D4   3437 3400 3400 00257 CycleTmrVarS    dt      .55,OnOff  ,0x00,0x01;On/Off
       3401 
Error[113]  : Symbol not previously defined (Decimal)
03D8   3438 3400 3400 00258 CycleTmrVarSR   dt  .56,Decimal,0x00,0x17;hh
       3417 
Error[113]  : Symbol not previously defined (Decimal)
03DC   3439 3400 3400 00259                                 dt  .57,Decimal,0x00,0x3b;mm
       343B 
Error[113]  : Symbol not previously defined (Decimal)
03E0   343A 3400 3400 00260 CycleTmrVarSP   dt  .58,Decimal,0x00,0x17;hh
       3417 
Error[113]  : Symbol not previously defined (Decimal)
03E4   343B 3400 3400 00261                                 dt  .59,Decimal,0x00,0x3b;mm
       343B 
Error[113]  : Symbol not previously defined (Decimal)
03E8   343C 3400 3400 00262 CycleTmrVarF    dt  .60,Decimal,0x00,.99;
       3463 
Error[113]  : Symbol not previously defined (Decimal)
03EC   343D 3400 3400 00263 CycleTmrVarD    dt  .61,Decimal,0x00,.12; hh
       340C 
Error[113]  : Symbol not previously defined (Decimal)
03F0   343E 3400 3400 00264                                 dt  .62,Decimal,0x00,.59; mm
       343B 
                      00265 ; ------------------------------------ ;
                      00266 ; Cursor Position Table
                      00267 ; each byte refers to X position on line 1. Should end with 0xFF
                      00268 ; ------------------------------------ 
03F4                  00269 CursorTable
03F4   34C2 34C5      00270 CursorTime              dt 0xc2,0xc5
03F6   34C2 34C5 34C8 00271 CursorFullTime  dt 0xc2,0xc5,0xc8
03F9                  00272 CursorCycle
03F9                  00273 CursorFSw
03F9   34C3           00274 CursorOnOff     dt 0xc3
                      00275                 
                      00276 
                      00277 ; ------------------------------------ 
                      00278 ; Text Table. Each text line must be terminated with 0 
                      00279 ; ------------------------------------ 
03FA                  00280 Text    
MPASM  5.51                    DATATABLES.ASM   4-5-2020  21:41:35         PAGE 13


LOC  OBJECT CODE     LINE SOURCE TEXT
  VALUE

03FA   3453 3465 3474 00281 M1      dt "Set Clock",0
       3420 3443 346C 
       346F 3463 346B 
       3400 
0404   3453 3465 3474 00282 M2      dt "Set Timers",0
       3420 3454 3469 
       346D 3465 3472 
       3473 3400 
040F   3453 3465 3474 00283 M3      dt "Set FSw Delay",0
       3420 3446 3453 
       3477 3420 3444 
       3465 346C 3461 
       3479 3400 
041D   344D 3461 346E 00284 M4      dt "Man. Operation",0
       342E 3420 344F 
       3470 3465 3472 
       3461 3474 3469 
       346F 346E 3400 
042C   3445 3478 3469 00285 M5      dt "Exit",0
       3474 3400 
0431   3453 3465 3474 00286 M6      dt "Set Cycle Timer",0
       3420 3443 3479 
       3463 346C 3465 
       3420 3454 3469 
       346D 3465 3472 
       3400 
0441   3453 3465 3474 00287 M7      dt "Set ABS Timers",0
       3420 3441 3442 
       3453 3420 3454 
       3469 346D 3465 
       3472 3473 3400 
0450   3453 3465 3474 00288 M8      dt "Set Status",0
       3420 3453 3474 
       3461 3474 3475 
       3473 3400 
045B   3453 3465 3474 00289 M9      dt "Set Timer Start",0
       3420 3454 3469 
       346D 3465 3472 
       3420 3453 3474 
       3461 3472 3474 
       3400 
046B   3453 3465 3474 00290 M10     dt "Set Timer Stop",0
       3420 3454 3469 
       346D 3465 3472 
       3420 3453 3474 
       346F 3470 3400 
047A   3453 3465 3474 00291 M11     dt "Set Flood Cycle",0
       3420 3446 346C 
       346F 346F 3464 
       3420 3443 3479 
       3463 346C 3465 
       3400 
048A   3453 3465 3474 00292 M12     dt "Set Drain Cycle",0
MPASM  5.51                    DATATABLES.ASM   4-5-2020  21:41:35         PAGE 14


LOC  OBJECT CODE     LINE SOURCE TEXT
  VALUE

       3420 3444 3472 
       3461 3469 346E 
       3420 3443 3479 
       3463 346C 3465 
       3400 
049A   3453 3465 3474 00293 M13     dt "Set Timer 1",0
       3420 3454 3469 
       346D 3465 3472 
       3420 3431 3400 
04A6   3453 3465 3474 00294 M14     dt "Set Timer 2",0
       3420 3454 3469 
       346D 3465 3472 
       3420 3432 3400 
04B2   3453 3465 3474 00295 M15     dt "Set Timer 3",0
       3420 3454 3469 
       346D 3465 3472 
       3420 3433 3400 
04BE   3453 3465 3474 00296 M16     dt "Set Timer 4",0
       3420 3454 3469 
       346D 3465 3472 
       3420 3434 3400 
04CA   3453 3465 3474 00297 M17     dt "Set Timer 5",0
       3420 3454 3469 
       346D 3465 3472 
       3420 3435 3400 
04D6   3453 3465 3474 00298 M18     dt "Set Timer 6",0
       3420 3454 3469 
       346D 3465 3472 
       3420 3436 3400 
04E2   3453 3465 3474 00299 M19     dt "Set Timer 7",0
       3420 3454 3469 
       346D 3465 3472 
       3420 3437 3400 
04EE   3453 3465 3474 00300 M20     dt "Set Timer 8",0
       3420 3454 3469 
       346D 3465 3472 
       3420 3438 3400 
04FA   3453 3465 3474 00301 M21     dt "Set Timer 9",0
       3420 3454 3469 
       346D 3465 3472 
       3420 3439 3400 
0506   3453 3465 3474 00302 M22     dt "Set Timer 10",0
       3420 3454 3469 
       346D 3465 3472 
       3420 3431 3430 
       3400 
0513   3453 3465 3474 00303 M53     dt "Set UFSw Delay",0
       3420 3455 3446 
       3453 3477 3420 
       3444 3465 346C 
       3461 3479 3400 
0522   3453 3465 3474 00304 M54     dt "Set LFSw Delay",0
       3420 344C 3446 
MPASM  5.51                    DATATABLES.ASM   4-5-2020  21:41:35         PAGE 15


LOC  OBJECT CODE     LINE SOURCE TEXT
  VALUE

       3453 3477 3420 
       3444 3465 346C 
       3461 3479 3400 
0531   344D 3461 346E 00305 M55     dt "Manually Flood",0
       3475 3461 346C 
       346C 3479 3420 
       3446 346C 346F 
       346F 3464 3400 
0540   344D 3461 346E 00306 M56     dt "Manually Drain",0
       3475 3461 346C 
       346C 3479 3420 
       3444 3472 3461 
       3469 346E 3400 
054F   3453 3465 3474 00307 M57 dt "Set Idle",0
       3420 3449 3464 
       346C 3465 3400 
                      00308 
0558   3453 3465 3474 00309 StatusTxt       dt "Set Status",0
       3420 3453 3474 
       3461 3474 3475 
       3473 3400 
0563   3453 3465 3474 00310 FloodTxt        dt "Set Flood Time",0
       3420 3446 346C 
       346F 346F 3464 
       3420 3454 3469 
       346D 3465 3400 
0572   3453 3465 3474 00311 DrainTxt        dt "Set Drain Time",0
       3420 3444 3472 
       3461 3469 346E 
       3420 3454 3469 
       346D 3465 3400 
0581   3425 34C0 345B 00312 TimeText        dt "%",0xc0,"[HH:MM]",0
       3448 3448 343A 
       344D 344D 345D 
       3400 
058B   3425 34C0 345B 00313 DecText         dt "%",0xc0,"[000] Sec",0
       3430 3430 3430 
       345D 3420 3453 
       3465 3463 3400 
0597   3425 34C0 345B 00314 MinText         dt "%",0xc0,"[000] Min",0
       3430 3430 3430 
       345D 3420 344D 
       3469 346E 3400 
05A3   3425 34C0 345B 00315 ClockText       dt "%",0xc0,"[HH:MM:SS]",0
       3448 3448 343A 
       344D 344D 343A 
       3453 3453 345D 
       3400 
05B0   3425 34C0 345B 00316 StatusText      dt "%",0xC0,"[ On]",0
       3420 344F 346E 
       345D 3400 
05B8   3425 3480 3446 00317 FloodingText dt "%",0x80, "Flooding...",0
       346C 346F 346F 
MPASM  5.51                    DATATABLES.ASM   4-5-2020  21:41:35         PAGE 16


LOC  OBJECT CODE     LINE SOURCE TEXT
  VALUE

       3464 3469 346E 
       3467 342E 342E 
       342E 3400 
05C6   3425 3480 3444 00318 DrainingText dt "%",0x80, "Draining...",0
       3472 3461 3469 
       346E 3469 346E 
       3467 342E 342E 
       342E 3400 
05D4   3425 3480 3449 00319 IdlingText dt "%",0x80, "Idling...",0
       3464 346C 3469 
       346E 3467 342E 
       342E 342E 3400 
                      00320 
                      00321 ;M665   dt "Hydro+",0
                      00322 ;M666   dt "Firmware v4.40",0
                      00323 
                      00324 
                      00325 
05E0   3420 3400      00326 BlancLine dt " ",0 ; dt produces multiple RETLW with byte -> retlw 'L', retlw 'E',retlw 'N'...
05E2   3459 3465 3473 00327 MYes    dt "Yes",0
       3400 
05E6   344E 346F 3400 00328 MNo     dt "No",0
05E9   344F 344E 3400 00329 MOn             dt "ON",0
05EC   344F 3446 3446 00330 MOff    dt "OFF",0
       3400 
                      00331 
                      00332 
                      00333 
Error[129]  : Expected (END)
MPASM  5.51                    DATATABLES.ASM   4-5-2020  21:41:35         PAGE 17


SYMBOL TABLE
  LABEL                             VALUE 

BlancLine                         000005E0
ClockText                         000005A3
CursorCycle                       000003F9
CursorFSw                         000003F9
CursorFullTime                    000003F6
CursorOnOff                       000003F9
CursorTable                       000003F4
CursorTime                        000003F4
CycleTmrVarD                      000003EC
CycleTmrVarF                      000003E8
CycleTmrVarS                      000003D4
CycleTmrVarSP                     000003E0
CycleTmrVarSR                     000003D8
Cycle_Tmr_Drain                   000001E8
Cycle_Tmr_Flood                   000001E0
Cycle_Tmr_Start                   000001D0
Cycle_Tmr_Status                  000001C8
Cycle_Tmr_Stop                    000001D8
DecText                           0000058B
DrainTxt                          00000572
DrainingText                      000005C6
ExtMI_Tmr10_Drain                 000002D8
ExtMI_Tmr10_Flood                 000002D0
ExtMI_Tmr10_Status                000002C8
ExtMI_Tmr1_Drain                  00000200
ExtMI_Tmr1_Flood                  000001F8
ExtMI_Tmr1_Status                 000001F0
ExtMI_Tmr2_Drain                  00000218
ExtMI_Tmr2_Flood                  00000210
ExtMI_Tmr2_Status                 00000208
ExtMI_Tmr3_Drain                  00000230
ExtMI_Tmr3_Flood                  00000228
ExtMI_Tmr3_Status                 00000220
ExtMI_Tmr4_Drain                  00000248
ExtMI_Tmr4_Flood                  00000240
ExtMI_Tmr4_Status                 00000238
ExtMI_Tmr5_Drain                  00000260
ExtMI_Tmr5_Flood                  00000258
ExtMI_Tmr5_Status                 00000250
ExtMI_Tmr6_Drain                  00000278
ExtMI_Tmr6_Flood                  00000270
ExtMI_Tmr6_Status                 00000268
ExtMI_Tmr7_Drain                  00000290
ExtMI_Tmr7_Flood                  00000288
ExtMI_Tmr7_Status                 00000280
ExtMI_Tmr8_Drain                  000002A8
ExtMI_Tmr8_Flood                  000002A0
ExtMI_Tmr8_Status                 00000298
ExtMI_Tmr9_Drain                  000002C0
ExtMI_Tmr9_Flood                  000002B8
ExtMI_Tmr9_Status                 000002B0
FloodTxt                          00000563
FloodingText                      000005B8
MPASM  5.51                    DATATABLES.ASM   4-5-2020  21:41:35         PAGE 18


SYMBOL TABLE
  LABEL                             VALUE 

IdlingText                        000005D4
LFSwVar                           000003D0
LI                                0x0ff
M1                                000003FA
M10                               0000046B
M11                               0000047A
M12                               0000048A
M13                               0000049A
M14                               000004A6
M15                               000004B2
M16                               000004BE
M17                               000004CA
M18                               000004D6
M19                               000004E2
M2                                00000404
M20                               000004EE
M21                               000004FA
M22                               00000506
M3                                0000040F
M4                                0000041D
M5                                0000042C
M53                               00000513
M54                               00000522
M55                               00000531
M56                               00000540
M57                               0000054F
M6                                00000431
M7                                00000441
M8                                00000450
M9                                0000045B
MI                                0x01
MNo                               000005E6
MOff                              000005EC
MOn                               000005E9
MYes                              000005E2
Menu1                             00000000
Menu10                            00000048
Menu11                            00000050
Menu12                            00000058
Menu13                            00000060
Menu14                            00000068
Menu15                            00000070
Menu16                            00000078
Menu17                            00000080
Menu18                            00000088
Menu19                            00000090
Menu2                             00000008
Menu20                            00000098
Menu21                            000000A0
Menu22                            000000A8
Menu23                            000000B0
Menu24                            000000B8
Menu25                            000000C0
MPASM  5.51                    DATATABLES.ASM   4-5-2020  21:41:35         PAGE 19


SYMBOL TABLE
  LABEL                             VALUE 

Menu26                            000000C8
Menu27                            000000D0
Menu28                            000000D8
Menu29                            000000E0
Menu3                             00000010
Menu30                            000000E8
Menu31                            000000F0
Menu32                            000000F8
Menu33                            00000100
Menu34                            00000108
Menu35                            00000110
Menu36                            00000118
Menu37                            00000120
Menu38                            00000128
Menu39                            00000130
Menu4                             00000018
Menu40                            00000138
Menu41                            00000140
Menu42                            00000148
Menu43                            00000150
Menu44                            00000158
Menu45                            00000160
Menu46                            00000168
Menu47                            00000170
Menu48                            00000178
Menu49                            00000180
Menu5                             00000020
Menu50                            00000188
Menu51                            00000190
Menu52                            00000198
Menu53                            000001A0
Menu54                            000001A8
Menu55                            000001B0
Menu56                            000001B8
Menu57                            000001C0
Menu6                             00000028
Menu7                             00000030
Menu8                             00000038
Menu9                             00000040
MenuItemTbl                       00000000
MinText                           00000597
ND                                0x0ff
Set_LFSw                          000002F0
Set_Time                          000002E0
Set_UFSw                          000002E8
StatusText                        000005B0
StatusTxt                         00000558
Text                              000003FA
TimeText                          00000581
TimeVar                           000003C0
UFSwVar                           000003CC
UI                                0x00
VarTable                          000002F8
MPASM  5.51                    DATATABLES.ASM   4-5-2020  21:41:35         PAGE 20


SYMBOL TABLE
  LABEL                             VALUE 

VarTbl_Tmr10D                     000003B4
VarTbl_Tmr10F                     000003AC
VarTbl_Tmr10S                     000003BC
VarTbl_Tmr1D                      00000300
VarTbl_Tmr1F                      000002F8
VarTbl_Tmr1S                      00000308
VarTbl_Tmr2D                      00000314
VarTbl_Tmr2F                      0000030C
VarTbl_Tmr2S                      0000031C
VarTbl_Tmr3D                      00000328
VarTbl_Tmr3F                      00000320
VarTbl_Tmr3S                      00000330
VarTbl_Tmr4D                      0000033C
VarTbl_Tmr4F                      00000334
VarTbl_Tmr4S                      00000344
VarTbl_Tmr5D                      00000350
VarTbl_Tmr5F                      00000348
VarTbl_Tmr5S                      00000358
VarTbl_Tmr6D                      00000364
VarTbl_Tmr6F                      0000035C
VarTbl_Tmr6S                      0000036C
VarTbl_Tmr7D                      00000378
VarTbl_Tmr7F                      00000370
VarTbl_Tmr7S                      00000380
VarTbl_Tmr8D                      0000038C
VarTbl_Tmr8F                      00000384
VarTbl_Tmr8S                      00000394
VarTbl_Tmr9D                      000003A0
VarTbl_Tmr9F                      00000398
VarTbl_Tmr9S                      000003A8
__16F648A                         00000001

Errors   :    64
Warnings :     0 reported,     0 suppressed
Messages :     0 reported,     0 suppressed

