MPASM  5.51                         DELAY.ASM   4-5-2020  21:47:07         PAGE  1


LOC  OBJECT CODE     LINE SOURCE TEXT
  VALUE

Warning[205]: Found directive in column 1. (include)
                      00001 include "P16F648A.inc"  ;include the defaults for the chip
                      00001         LIST
                      00002 
                      00003 ;==========================================================================
                      00004 ;  MPASM PIC16F648A processor include
                      00005 ; 
                      00006 ;  (c) Copyright 1999-2011 Microchip Technology, All rights reserved
                      00007 ;==========================================================================
                      00008 
Warning[205]: Found directive in column 1. (endm)
Warning[205]: Found directive in column 1. (endm)
                      00416         LIST
Warning[205]: Found directive in column 1. (errorlevel)
                      00002 errorlevel 2
  0000                00003 GLOBAL Delay
  0000                00004 GLOBAL MiliDelay
  0000                00005 GLOBAL MicroDelay
                      00006 
                      00007 
                      00008 Temp_Variables UDATA_OVR
                      00009 ;Bank0 UDATA
0000                  00010 d1  res 1
0001                  00011 d2      res 1
0002                  00012 d3      res 1
0003                  00013 dd1 res 1
0004                  00014 dd2 res 1
                      00015 
                      00016 PROG1 Code
                      00017 
                      00018 ; ------------------------------------ 
                      00019 ; Delay in 10ms multiples
                      00020 ; ------------------------------------ 
0000                  00021 Delay
                      00022 ;return
                      00023 
0000   ????           00024         pagesel Delay
0001   00??           00025         movwf d3
0002                  00026 Delay2
0002   300D           00027         movlw D'13'
0003   00??           00028         movwf d2
0004   01??           00029         clrf d1
0005                  00030 Delay1
0005   0B??           00031         decfsz  d1, f
0006   2???           00032         goto    Delay1
0007   0B??           00033         decfsz  d2, f
0008   2???           00034         goto    Delay1
0009   0B??           00035         decfsz  d3, f
000A   2???           00036         goto    Delay2
000B   0008           00037 return
                      00038 
                      00039 
                      00040 
MPASM  5.51                         DELAY.ASM   4-5-2020  21:47:07         PAGE  2


LOC  OBJECT CODE     LINE SOURCE TEXT
  VALUE

000C                  00041 MiliDelay                       
                      00042 
000C   30F9           00043         movlw   0xF9
000D   00??           00044         movwf   dd1
000E   3004           00045         movlw   0x04
000F   00??           00046         movwf   dd2
0010                  00047 Delay_0
0010   0B??           00048         decfsz  dd1, f
0011   2???           00049         goto    $+2
0012   0B??           00050         decfsz  dd2, f
0013   2???           00051         goto    Delay_0
                      00052 
                      00053                         ;2 cycles
0014   2???           00054         goto    $+1
                      00055 
0015   0008           00056 return
                      00057 
0016                  00058 MicroDelay
0016   3035           00059         movlw   0x35
0017   00??           00060         movwf   dd1
0018                  00061 Mic_Delay
0018   0B??           00062         decfsz  dd1, f
0019   2???           00063         goto    Mic_Delay
001A   0008           00064 return
                      00065 
                      00066 end
MPASM  5.51                         DELAY.ASM   4-5-2020  21:47:07         PAGE  3


SYMBOL TABLE
  LABEL                             VALUE 

ADDEN                             00000003
ADEN                              00000003
BRGH                              00000002
Bank0                             00000000
C                                 00000000
C1INV                             00000004
C1OUT                             00000006
C2INV                             00000005
C2OUT                             00000007
CCP1CON                           00000017
CCP1IE                            00000002
CCP1IF                            00000002
CCP1M0                            00000000
CCP1M1                            00000001
CCP1M2                            00000002
CCP1M3                            00000003
CCP1X                             00000005
CCP1Y                             00000004
CCPR1                             00000015
CCPR1H                            00000016
CCPR1L                            00000015
CIS                               00000003
CM0                               00000000
CM1                               00000001
CM2                               00000002
CMCON                             0000001F
CMIE                              00000006
CMIF                              00000006
CREN                              00000004
CSRC                              00000007
DATA_CP_OFF                       00003FFF
DATA_CP_ON                        00003EFF
DC                                00000001
Decimal                           00000001
Delay                             00000000
Delay1                            00000005
Delay2                            00000002
Delay_0                           00000010
DownEnter                         00000050
Drain                             00000000
EEADR                             0000009B
EECON1                            0000009C
EECON2                            0000009D
EEDATA                            0000009A
EEIE                              00000007
EEIF                              00000007
F                                 00000001
FERR                              00000002
FSR                               00000004
Flood                             00000001
GIE                               00000007
INDF                              00000000
INTCON                            0000000B
MPASM  5.51                         DELAY.ASM   4-5-2020  21:47:07         PAGE  4


SYMBOL TABLE
  LABEL                             VALUE 

INTE                              00000004
INTEDG                            00000006
INTF                              00000001
IRP                               00000007
Idle                              000000FF
LCD_2Lines                        0000002C
LCD_4bit                          00000020
LCD_Blinc                         0000000D
LCD_Clear                         00000001
LCD_CursorHome                    00000002
LCD_DisOff                        00000008
LCD_DisOn                         0000000C
LCD_Line1                         00000080
LCD_Line2                         000000C0
LCD_Lines                         00000002
LCD_Underline                     0000000E
Mic_Delay                         00000018
MicroDelay                        00000016
MiliDelay                         0000000C
NOT_BO                            00000000
NOT_BOD                           00000000
NOT_BOR                           00000000
NOT_PD                            00000003
NOT_POR                           00000001
NOT_RBPU                          00000007
NOT_T1SYNC                        00000002
NOT_TO                            00000004
No                                00000000
OERR                              00000001
OPTION_REG                        00000081
OSCF                              00000003
OnOff                             00000003
PCL                               00000002
PCLATH                            0000000A
PCON                              0000008E
PEIE                              00000006
PIE1                              0000008C
PIR1                              0000000C
PORTA                             00000005
PORTB                             00000006
PR2                               00000092
PS0                               00000000
PS1                               00000001
PS2                               00000002
PSA                               00000003
RA0                               00000000
RA1                               00000001
RA2                               00000002
RA3                               00000003
RA4                               00000004
RA5                               00000005
RA6                               00000006
RA7                               00000007
MPASM  5.51                         DELAY.ASM   4-5-2020  21:47:07         PAGE  5


SYMBOL TABLE
  LABEL                             VALUE 

RB0                               00000000
RB1                               00000001
RB2                               00000002
RB3                               00000003
RB4                               00000004
RB5                               00000005
RB6                               00000006
RB7                               00000007
RBIE                              00000003
RBIF                              00000000
RCIE                              00000005
RCIF                              00000005
RCREG                             0000001A
RCSTA                             00000018
RD                                00000000
RP0                               00000005
RP1                               00000006
RX9                               00000006
RX9D                              00000000
SPBRG                             00000099
SPEN                              00000007
SREN                              00000005
STATUS                            00000003
SYNC                              00000004
T0CS                              00000005
T0IE                              00000005
T0IF                              00000002
T0SE                              00000004
T1CKPS0                           00000004
T1CKPS1                           00000005
T1CON                             00000010
T1OSCEN                           00000003
T2CKPS0                           00000000
T2CKPS1                           00000001
T2CON                             00000012
TMR0                              00000001
TMR0IE                            00000005
TMR0IF                            00000002
TMR1CS                            00000001
TMR1H                             0000000F
TMR1IE                            00000000
TMR1IF                            00000000
TMR1L                             0000000E
TMR1ON                            00000000
TMR2                              00000011
TMR2IE                            00000001
TMR2IF                            00000001
TMR2ON                            00000002
TOUTPS0                           00000003
TOUTPS1                           00000004
TOUTPS2                           00000005
TOUTPS3                           00000006
TRISA                             00000085
MPASM  5.51                         DELAY.ASM   4-5-2020  21:47:07         PAGE  6


SYMBOL TABLE
  LABEL                             VALUE 

TRISA0                            00000000
TRISA1                            00000001
TRISA2                            00000002
TRISA3                            00000003
TRISA4                            00000004
TRISA5                            00000005
TRISA6                            00000006
TRISA7                            00000007
TRISB                             00000086
TRISB0                            00000000
TRISB1                            00000001
TRISB2                            00000002
TRISB3                            00000003
TRISB4                            00000004
TRISB5                            00000005
TRISB6                            00000006
TRISB7                            00000007
TRMT                              00000001
TX9                               00000006
TX9D                              00000000
TXEN                              00000005
TXIE                              00000004
TXIF                              00000004
TXREG                             00000019
TXSTA                             00000098
UpEnter                           00000060
UpEsc                             000000A0
VR0                               00000000
VR1                               00000001
VR2                               00000002
VR3                               00000003
VRCON                             0000009F
VREN                              00000007
VROE                              00000006
VRR                               00000005
W                                 00000000
WR                                00000001
WREN                              00000002
WRERR                             00000003
Yes                               00000001
YesNo                             00000002
Z                                 00000002
_BODEN_OFF                        00003FBF
_BODEN_ON                         00003FFF
_BOREN_OFF                        00003FBF
_BOREN_ON                         00003FFF
_CONFIG                           00002007
_CP_OFF                           00003FFF
_CP_ON                            00001FFF
_DEVID1                           00002006
_ER_OSC_CLKOUT                    00003FFF
_ER_OSC_NOCLKOUT                  00003FFE
_EXTCLK_OSC                       00003FEF
MPASM  5.51                         DELAY.ASM   4-5-2020  21:47:07         PAGE  7


SYMBOL TABLE
  LABEL                             VALUE 

_HS_OSC                           00003FEE
_IDLOC0                           00002000
_IDLOC1                           00002001
_IDLOC2                           00002002
_IDLOC3                           00002003
_INTOSC_OSC_CLKOUT                00003FFD
_INTOSC_OSC_NOCLKOUT              00003FFC
_INTRC_OSC_CLKOUT                 00003FFD
_INTRC_OSC_NOCLKOUT               00003FFC
_LP_OSC                           00003FEC
_LVP_OFF                          00003F7F
_LVP_ON                           00003FFF
_MCLRE_OFF                        00003FDF
_MCLRE_ON                         00003FFF
_PROG1_0011                       00000011
_PROG1_0014                       00000014
_PWRTE_OFF                        00003FFF
_PWRTE_ON                         00003FF7
_RC_OSC_CLKOUT                    00003FFF
_RC_OSC_NOCLKOUT                  00003FFE
_WDT_OFF                          00003FFB
_WDT_ON                           00003FFF
_XT_OSC                           00003FED
__16F648A                         00000001
d1                                00000000
d2                                00000001
d3                                00000002
dd1                               00000003
dd2                               00000004
m_RestoreBank                     
m_SaveBank                        

Errors   :     0
Warnings :     4 reported,     7 suppressed
Messages :     0 reported,     0 suppressed

