MPASM  5.51                        EEPROM.ASM   4-5-2020  21:47:13         PAGE  1


LOC  OBJECT CODE     LINE SOURCE TEXT
  VALUE

Warning[205]: Found directive in column 1. (include)
                      00001 include "P16F648A.inc"  ;include the defaults for the chip
                      00001         LIST
                      00002 
                      00003 ;==========================================================================
                      00004 ;  MPASM PIC16F648A processor include
                      00005 ; 
                      00006 ;  (c) Copyright 1999-2011 Microchip Technology, All rights reserved
                      00007 ;==========================================================================
                      00008 
Warning[205]: Found directive in column 1. (endm)
Warning[205]: Found directive in column 1. (endm)
                      00416         LIST
Warning[205]: Found directive in column 1. (errorlevel)
                      00002 errorlevel 2
  0000                00003 Global EEPROM_Read
  0000                00004 Global EEPROM_Write
  0000                00005 Global WriteDatatoEEPROM
                      00006 
                      00007 ;From Main.asm
  0000                00008 Extern EEPROM_Data
  0000                00009 Extern EEPROM_Address
  0000                00010 Extern ExtMenuItem
                      00011 
                      00012 
                      00013 
                      00014 Temp_Variables Udata_OVR
0000                  00015 tmp Res 1
                      00016 
                      00017 SharedMem Udata
0000                  00018 BankStatus res 1
                      00019 
                      00020 #Define ExtMenu_VarNum  ExtMenuItem+0
                      00021 
                      00022 PROG1 Code
                      00023 ; ------------------------------------ 
                      00024 ; Read EEPROM Data 
                      00025 ; W should hold the EEPROM address to read
                      00026 ; On Exit, W hold the read Data
                      00027 ; ------------------------------------ 
0000                  00028 EEPROM_Read
                      00029         m_SaveBank BankStatus
0000   01??               M         clrf BankStatus
0001   1B03               M         btfsc STATUS,RP1
0002   1700               M         bsf BankStatus,RP1
0003   1A83               M         btfsc STATUS,RP0
0004   1680               M         bsf BankStatus,RP0
0005   1683 1303      00030         BankSel EEADR ; Bank 1  
0007   009B           00031         movwf EEADR    ; address to read
0008   141C           00032         bsf EECON1,RD   ; enable EEPROM read
0009   081A           00033         movf EEDATA,W  ; put data in W
                      00034         m_RestoreBank BankStatus
                          M         
MPASM  5.51                        EEPROM.ASM   4-5-2020  21:47:13         PAGE  2


LOC  OBJECT CODE     LINE SOURCE TEXT
  VALUE

000A   1303               M         bcf STATUS,RP1
000B   1283               M         bcf STATUS,RP0
000C   1B00               M         btfsc BankStatus,RP1
000D   1703               M         bsf STATUS,RP1
000E   1A80               M         btfsc BankStatus,RP0
000F   1683               M         bsf STATUS,RP0
                      00035         ;Banksel 0x00
0010   0008           00036 return
                      00037 
                      00038 ; ------------------------------------ 
                      00039 ; Write EEPROM Data 
                      00040 ; EEPROM address =EEADR  (bank 1)
                      00041 ; EEPROM data    =EEDATA (bank 1)
                      00042 ; ------------------------------------ 
0011                  00043 EEPROM_Write
                      00044         
0011   1683 1303      00045         BankSel EEADR ; Bank 1  
0013   151C           00046         bsf EECON1,WREN
0014   138B           00047         BCF INTCON,GIE
0015   1B8B           00048         btfsc INTCON,GIE
0016   2???           00049         goto $-2
                      00050 
0017   3055           00051         movlw 0x55
0018   009D           00052         movwf EECON2
0019   30AA           00053         movlw 0xAA
001A   009D           00054         movwf EECON2
001B   149C           00055         BSF EECON1,WR
001C   189C           00056         btfsc EECON1,WR ; very Important! if WR is not
001D   2???           00057         goto $-1                ;cleared then another write is not possible. Clearance is made on hardwa
                            re only!!!
                      00058 
001E   1283           00059         BCF STATUS,RP0 ; Bank 0
001F   1303           00060         BCF STATUS,RP1 ; Bank 0
                      00061         
0020   178B           00062         bsf INTCON,GIE
0021   0008           00063 return
                      00064 
                      00065 ; ------------------------------------ 
                      00066 ; Write to EEPROM data stored in Bank1 
                      00067 ; ExtMenu_VarNum should hold the number of variables to write
                      00068 ; EEPROM_Address & EEPROM_Data sould hold the proper values
                      00069 ; ------------------------------------ 
0022                  00070 WriteDatatoEEPROM
0022   01??           00071         clrf tmp
0023                  00072 WriteEEPROMLoop
0023   ????           00073         Bankisel EEPROM_Data
                      00074 
0024   30??           00075         movlw EEPROM_Data; Set FSR to point 
0025   07??           00076         addwf tmp,W              ; on EEPROM_Data+tmp
0026   0084           00077         movwf FSR                ;
0027   0800           00078         movf INDF,W
                      00079         
0028   1683 1303      00080         Banksel EEDATA
MPASM  5.51                        EEPROM.ASM   4-5-2020  21:47:13         PAGE  3


LOC  OBJECT CODE     LINE SOURCE TEXT
  VALUE

002A   009A           00081         movwf EEDATA
002B   1283 1303      00082         Banksel 0;tmp
                      00083         
002D   ????           00084         Bankisel EEPROM_Address
002E   30??           00085         movlw EEPROM_Address; Set FSR to point 
002F   07??           00086         addwf tmp,W              ; on EEPROM_Data+tmp
0030   0084           00087         movwf FSR                ;
0031   0800           00088         movf INDF,W
0032   1683 1303      00089         BankSel EEADR
0034   009B           00090         movwf EEADR
0035   ???? ????      00091         Banksel tmp
0037   2???           00092         Call EEPROM_Write
0038   0A??           00093         incf tmp 
0039   08??           00094         movf ExtMenu_VarNum,W
003A   06??           00095         xorwf tmp,W
003B   1903           00096         BTFSC STATUS,Z
003C   2???           00097         GOTO $+2
003D   2???           00098 goto WriteEEPROMLoop
                      00099         ;bsf INTCON,GIE ;enable Interrupts
003E   0008           00100 return
                      00101 
                      00102 end
MPASM  5.51                        EEPROM.ASM   4-5-2020  21:47:13         PAGE  4


SYMBOL TABLE
  LABEL                             VALUE 

ADDEN                             00000003
ADEN                              00000003
BRGH                              00000002
Bank0                             00000000
BankStatus                        00000000
C                                 00000000
C1INV                             00000004
C1OUT                             00000006
C2INV                             00000005
C2OUT                             00000007
CCP1CON                           00000017
CCP1IE                            00000002
CCP1IF                            00000002
CCP1M0                            00000000
CCP1M1                            00000001
CCP1M2                            00000002
CCP1M3                            00000003
CCP1X                             00000005
CCP1Y                             00000004
CCPR1                             00000015
CCPR1H                            00000016
CCPR1L                            00000015
CIS                               00000003
CM0                               00000000
CM1                               00000001
CM2                               00000002
CMCON                             0000001F
CMIE                              00000006
CMIF                              00000006
CREN                              00000004
CSRC                              00000007
DATA_CP_OFF                       00003FFF
DATA_CP_ON                        00003EFF
DC                                00000001
Decimal                           00000001
DownEnter                         00000050
Drain                             00000000
EEADR                             0000009B
EECON1                            0000009C
EECON2                            0000009D
EEDATA                            0000009A
EEIE                              00000007
EEIF                              00000007
EEPROM_Address                    00000000
EEPROM_Data                       00000000
EEPROM_Read                       00000000
EEPROM_Write                      00000011
ExtMenuItem                       00000000
ExtMenu_VarNum                    ExtMenuItem+0
F                                 00000001
FERR                              00000002
FSR                               00000004
Flood                             00000001
MPASM  5.51                        EEPROM.ASM   4-5-2020  21:47:13         PAGE  5


SYMBOL TABLE
  LABEL                             VALUE 

GIE                               00000007
INDF                              00000000
INTCON                            0000000B
INTE                              00000004
INTEDG                            00000006
INTF                              00000001
IRP                               00000007
Idle                              000000FF
LCD_2Lines                        0000002C
LCD_4bit                          00000020
LCD_Blinc                         0000000D
LCD_Clear                         00000001
LCD_CursorHome                    00000002
LCD_DisOff                        00000008
LCD_DisOn                         0000000C
LCD_Line1                         00000080
LCD_Line2                         000000C0
LCD_Lines                         00000002
LCD_Underline                     0000000E
NOT_BO                            00000000
NOT_BOD                           00000000
NOT_BOR                           00000000
NOT_PD                            00000003
NOT_POR                           00000001
NOT_RBPU                          00000007
NOT_T1SYNC                        00000002
NOT_TO                            00000004
No                                00000000
OERR                              00000001
OPTION_REG                        00000081
OSCF                              00000003
OnOff                             00000003
PCL                               00000002
PCLATH                            0000000A
PCON                              0000008E
PEIE                              00000006
PIE1                              0000008C
PIR1                              0000000C
PORTA                             00000005
PORTB                             00000006
PR2                               00000092
PS0                               00000000
PS1                               00000001
PS2                               00000002
PSA                               00000003
RA0                               00000000
RA1                               00000001
RA2                               00000002
RA3                               00000003
RA4                               00000004
RA5                               00000005
RA6                               00000006
RA7                               00000007
MPASM  5.51                        EEPROM.ASM   4-5-2020  21:47:13         PAGE  6


SYMBOL TABLE
  LABEL                             VALUE 

RB0                               00000000
RB1                               00000001
RB2                               00000002
RB3                               00000003
RB4                               00000004
RB5                               00000005
RB6                               00000006
RB7                               00000007
RBIE                              00000003
RBIF                              00000000
RCIE                              00000005
RCIF                              00000005
RCREG                             0000001A
RCSTA                             00000018
RD                                00000000
RP0                               00000005
RP1                               00000006
RX9                               00000006
RX9D                              00000000
SPBRG                             00000099
SPEN                              00000007
SREN                              00000005
STATUS                            00000003
SYNC                              00000004
T0CS                              00000005
T0IE                              00000005
T0IF                              00000002
T0SE                              00000004
T1CKPS0                           00000004
T1CKPS1                           00000005
T1CON                             00000010
T1OSCEN                           00000003
T2CKPS0                           00000000
T2CKPS1                           00000001
T2CON                             00000012
TMR0                              00000001
TMR0IE                            00000005
TMR0IF                            00000002
TMR1CS                            00000001
TMR1H                             0000000F
TMR1IE                            00000000
TMR1IF                            00000000
TMR1L                             0000000E
TMR1ON                            00000000
TMR2                              00000011
TMR2IE                            00000001
TMR2IF                            00000001
TMR2ON                            00000002
TOUTPS0                           00000003
TOUTPS1                           00000004
TOUTPS2                           00000005
TOUTPS3                           00000006
TRISA                             00000085
MPASM  5.51                        EEPROM.ASM   4-5-2020  21:47:13         PAGE  7


SYMBOL TABLE
  LABEL                             VALUE 

TRISA0                            00000000
TRISA1                            00000001
TRISA2                            00000002
TRISA3                            00000003
TRISA4                            00000004
TRISA5                            00000005
TRISA6                            00000006
TRISA7                            00000007
TRISB                             00000086
TRISB0                            00000000
TRISB1                            00000001
TRISB2                            00000002
TRISB3                            00000003
TRISB4                            00000004
TRISB5                            00000005
TRISB6                            00000006
TRISB7                            00000007
TRMT                              00000001
TX9                               00000006
TX9D                              00000000
TXEN                              00000005
TXIE                              00000004
TXIF                              00000004
TXREG                             00000019
TXSTA                             00000098
UpEnter                           00000060
UpEsc                             000000A0
VR0                               00000000
VR1                               00000001
VR2                               00000002
VR3                               00000003
VRCON                             0000009F
VREN                              00000007
VROE                              00000006
VRR                               00000005
W                                 00000000
WR                                00000001
WREN                              00000002
WRERR                             00000003
WriteDatatoEEPROM                 00000022
WriteEEPROMLoop                   00000023
Yes                               00000001
YesNo                             00000002
Z                                 00000002
_BODEN_OFF                        00003FBF
_BODEN_ON                         00003FFF
_BOREN_OFF                        00003FBF
_BOREN_ON                         00003FFF
_CONFIG                           00002007
_CP_OFF                           00003FFF
_CP_ON                            00001FFF
_DEVID1                           00002006
_ER_OSC_CLKOUT                    00003FFF
MPASM  5.51                        EEPROM.ASM   4-5-2020  21:47:13         PAGE  8


SYMBOL TABLE
  LABEL                             VALUE 

_ER_OSC_NOCLKOUT                  00003FFE
_EXTCLK_OSC                       00003FEF
_HS_OSC                           00003FEE
_IDLOC0                           00002000
_IDLOC1                           00002001
_IDLOC2                           00002002
_IDLOC3                           00002003
_INTOSC_OSC_CLKOUT                00003FFD
_INTOSC_OSC_NOCLKOUT              00003FFC
_INTRC_OSC_CLKOUT                 00003FFD
_INTRC_OSC_NOCLKOUT               00003FFC
_LP_OSC                           00003FEC
_LVP_OFF                          00003F7F
_LVP_ON                           00003FFF
_MCLRE_OFF                        00003FDF
_MCLRE_ON                         00003FFF
_PROG1_0016                       00000016
_PROG1_001D                       0000001D
_PROG1_003C                       0000003C
_PWRTE_OFF                        00003FFF
_PWRTE_ON                         00003FF7
_RC_OSC_CLKOUT                    00003FFF
_RC_OSC_NOCLKOUT                  00003FFE
_WDT_OFF                          00003FFB
_WDT_ON                           00003FFF
_XT_OSC                           00003FED
__16F648A                         00000001
m_RestoreBank                     
m_SaveBank                        
tmp                               00000000

Errors   :     0
Warnings :     4 reported,    11 suppressed
Messages :     0 reported,    11 suppressed

