MPASM  5.51                          RLCD.ASM   4-5-2020  21:47:09         PAGE  1


LOC  OBJECT CODE     LINE SOURCE TEXT
  VALUE

Warning[205]: Found directive in column 1. (include)
                      00001 include "P16F648A.inc"  ;include the defaults for the chip
                      00001         LIST
                      00002 
                      00003 ;==========================================================================
                      00004 ;  MPASM PIC16F648A processor include
                      00005 ; 
                      00006 ;  (c) Copyright 1999-2011 Microchip Technology, All rights reserved
                      00007 ;==========================================================================
                      00008 
Warning[205]: Found directive in column 1. (endm)
Warning[205]: Found directive in column 1. (endm)
                      00416         LIST
Warning[205]: Found directive in column 1. (errorlevel)
                      00002 errorlevel 2
  0000                00003 Extern LCD_cmd
  0000                00004 Extern LCD_chr
  0000                00005 Extern Hex2Dec
                      00006 
                      00007 ;Extern Variables
  0000                00008 Extern RelativeColumn
  0000                00009 Extern Column
  0000                00010 Extern CursorPos
  0000                00011 Extern Ones
  0000                00012 Extern Tens
  0000                00013 Extern EEPROM_Data
  0000                00014 Extern EEPROM_DataType
  0000                00015 Extern ExtMenuItem
  0000                00016 Global PrintLCDVariable
  0000                00017 Global RefreshLCD
                      00018 
                      00019 Bank0 UDATA
0000                  00020 c res 1
0001                  00021 i res 1
0002                  00022 tmp res 1
                      00023 
                      00024 #Define ExtMenu_VarNum                              ExtMenuItem+0
                      00025 
                      00026 PROG1 code
                      00027 ; ------------------------------------ 
                      00028 ; Print Variable to LCD 
                      00029 ; W holds the value to be displayed
                      00030 ; ------------------------------------ 
0000                  00031 PrintLCDVariable
0000   00??           00032         movwf i ; save W - i has data to print
                      00033 
                      00034         ;check datatype
0001   30??           00035         movlw EEPROM_DataType
0002   07??           00036         addwf RelativeColumn,W
0003   0084           00037         movwf FSR
0004   0800           00038         movf INDF,W
0005   3A01           00039         xorlw Decimal
0006   1903           00040         btfsc STATUS,Z
MPASM  5.51                          RLCD.ASM   4-5-2020  21:47:09         PAGE  2


LOC  OBJECT CODE     LINE SOURCE TEXT
  VALUE

0007   2???           00041         Goto DecDataType
0008   0800           00042         movf INDF,W
0009   3A02           00043         xorlw YesNo 
000A   1903           00044         btfsc STATUS,Z
000B   2???           00045         Goto YesNoDataType
000C   2???           00046         Goto OnOffDataType
                      00047 
                      00048 
000D                  00049 DecDataType
000D   30??           00050         movlw CursorPos
000E   07??           00051         addwf RelativeColumn,W
000F   0084           00052         movwf FSR
0010   0800           00053         movf INDF,W
0011   00??           00054         movwf c ; holds the current column
0012   2???           00055         call LCD_cmd
0013   08??           00056         movf i,W
0014   2???           00057         call Hex2Dec 
0015   3030           00058         movlw 0x30
0016   07??           00059         addwf Ones,W
0017   2???           00060         call LCD_chr; print Ones
                      00061         
0018   03??           00062         decf c
0019   08??           00063         movf c,W
001A   2???           00064         call LCD_cmd
001B   3030           00065         movlw 0x30
001C   07??           00066         addwf Tens,W; Print Tens
001D   2???           00067         call LCD_chr
001E   0008           00068         return
                      00069 
001F                  00070 YesNoDataType
001F   0008           00071 return
                      00072 
                      00073 
0020                  00074 OnOffDataType
0020   0183           00075         clrf STATUS
0021   08??           00076         movf i,W
0022   1D03           00077         btfss STATUS,Z
0023   2???           00078         goto ReturnOn
0024   2???           00079         goto ReturnOff
                      00080 
0025                  00081 ReturnOn
0025   30??           00082         movlw CursorPos
0026   07??           00083         addwf RelativeColumn,W
0027   0084           00084         movwf FSR
0028   0800           00085         movf INDF,W
0029   00??           00086         movwf c ; holds the current column
002A   2???           00087         call LCD_cmd
002B   304E           00088         movlw 'N'
002C   2???           00089         call LCD_chr
002D   03??           00090         decf c
002E   08??           00091         movf c,W
002F   2???           00092         call LCD_cmd
0030   304F           00093         movlw 'O'
MPASM  5.51                          RLCD.ASM   4-5-2020  21:47:09         PAGE  3


LOC  OBJECT CODE     LINE SOURCE TEXT
  VALUE

0031   2???           00094         call LCD_chr
0032   03??           00095         decf c
0033   08??           00096         movf c,W
0034   2???           00097         call LCD_cmd
0035   3020           00098         movlw ' '
0036   2???           00099         call LCD_chr
0037   3002           00100         movlw 0x02
0038   07??           00101         addwf c,W
0039   2???           00102         call LCD_cmd
                      00103 
003A   0008           00104 return
                      00105 
003B                  00106 ReturnOff
003B   30??           00107         movlw CursorPos
003C   07??           00108         addwf RelativeColumn,W
003D   0084           00109         movwf FSR
003E   0800           00110         movf INDF,W
003F   00??           00111         movwf c ; holds the current column
0040   2???           00112         call LCD_cmd
0041   3046           00113         movlw 'F'
0042   2???           00114         call LCD_chr
0043   03??           00115         decf c
0044   08??           00116         movf c,W
0045   2???           00117         call LCD_cmd
0046   3046           00118         movlw 'F'
0047   2???           00119         call LCD_chr
0048   03??           00120         decf c
0049   08??           00121         movf c,W
004A   2???           00122         call LCD_cmd
004B   304F           00123         movlw 'O'
004C   2???           00124         call LCD_chr
004D   3002           00125         movlw 0x02
004E   07??           00126         addwf c,W
004F   2???           00127         call LCD_cmd
                      00128 
0050   0008           00129 return
                      00130 ; ------------------------------------ 
                      00131 ; Refreshes LCD print all variable values 
                      00132 ; ------------------------------------ 
0051                  00133 RefreshLCD
0051   08??           00134         movf ExtMenu_VarNum,W
0052   1903           00135         btfsc STATUS,Z ; Check if there are any variables to load
0053   0008           00136         return
                      00137 
0054   01??           00138         clrf tmp
0055   08??           00139         movf RelativeColumn,W
0056   00??           00140         movwf tmp ; tmp holds the RelativeColumn
0057   01??           00141         clrf RelativeColumn
                      00142 
0058                  00143 Loop
0058   08??           00144         movf ExtMenu_VarNum,W
0059   06??           00145         xorwf RelativeColumn,W
005A   1903           00146         btfsc STATUS,Z
MPASM  5.51                          RLCD.ASM   4-5-2020  21:47:09         PAGE  4


LOC  OBJECT CODE     LINE SOURCE TEXT
  VALUE

005B   2???           00147         Goto RestoreRelativeColumn
                      00148 
005C   30??           00149         movlw CursorPos
005D   07??           00150         addwf RelativeColumn,W
005E   0084           00151         movwf FSR
005F   0800           00152         movf INDF,W 
                      00153 
0060   30??           00154         movlw EEPROM_Data
0061   07??           00155         addwf RelativeColumn,W
0062   0084           00156         movwf FSR
0063   0800           00157         movf INDF,W
0064   2???           00158         Call PrintLCDVariable
0065   0A??           00159         incf RelativeColumn
0066   2???           00160         goto Loop
0067                  00161 RestoreRelativeColumn
0067   08??           00162         movf tmp,W
0068   00??           00163         movwf RelativeColumn
                      00164 
0069   0008           00165 return
                      00166 
                      00167 end
MPASM  5.51                          RLCD.ASM   4-5-2020  21:47:09         PAGE  5


SYMBOL TABLE
  LABEL                             VALUE 

ADDEN                             00000003
ADEN                              00000003
BRGH                              00000002
Bank0                             00000000
C                                 00000000
C1INV                             00000004
C1OUT                             00000006
C2INV                             00000005
C2OUT                             00000007
CCP1CON                           00000017
CCP1IE                            00000002
CCP1IF                            00000002
CCP1M0                            00000000
CCP1M1                            00000001
CCP1M2                            00000002
CCP1M3                            00000003
CCP1X                             00000005
CCP1Y                             00000004
CCPR1                             00000015
CCPR1H                            00000016
CCPR1L                            00000015
CIS                               00000003
CM0                               00000000
CM1                               00000001
CM2                               00000002
CMCON                             0000001F
CMIE                              00000006
CMIF                              00000006
CREN                              00000004
CSRC                              00000007
Column                            00000000
CursorPos                         00000000
DATA_CP_OFF                       00003FFF
DATA_CP_ON                        00003EFF
DC                                00000001
DecDataType                       0000000D
Decimal                           00000001
DownEnter                         00000050
Drain                             00000000
EEADR                             0000009B
EECON1                            0000009C
EECON2                            0000009D
EEDATA                            0000009A
EEIE                              00000007
EEIF                              00000007
EEPROM_Data                       00000000
EEPROM_DataType                   00000000
ExtMenuItem                       00000000
ExtMenu_VarNum                    ExtMenuItem+0
F                                 00000001
FERR                              00000002
FSR                               00000004
Flood                             00000001
MPASM  5.51                          RLCD.ASM   4-5-2020  21:47:09         PAGE  6


SYMBOL TABLE
  LABEL                             VALUE 

GIE                               00000007
Hex2Dec                           00000000
INDF                              00000000
INTCON                            0000000B
INTE                              00000004
INTEDG                            00000006
INTF                              00000001
IRP                               00000007
Idle                              000000FF
LCD_2Lines                        0000002C
LCD_4bit                          00000020
LCD_Blinc                         0000000D
LCD_Clear                         00000001
LCD_CursorHome                    00000002
LCD_DisOff                        00000008
LCD_DisOn                         0000000C
LCD_Line1                         00000080
LCD_Line2                         000000C0
LCD_Lines                         00000002
LCD_Underline                     0000000E
LCD_chr                           00000000
LCD_cmd                           00000000
Loop                              00000058
NOT_BO                            00000000
NOT_BOD                           00000000
NOT_BOR                           00000000
NOT_PD                            00000003
NOT_POR                           00000001
NOT_RBPU                          00000007
NOT_T1SYNC                        00000002
NOT_TO                            00000004
No                                00000000
OERR                              00000001
OPTION_REG                        00000081
OSCF                              00000003
OnOff                             00000003
OnOffDataType                     00000020
Ones                              00000000
PCL                               00000002
PCLATH                            0000000A
PCON                              0000008E
PEIE                              00000006
PIE1                              0000008C
PIR1                              0000000C
PORTA                             00000005
PORTB                             00000006
PR2                               00000092
PS0                               00000000
PS1                               00000001
PS2                               00000002
PSA                               00000003
PrintLCDVariable                  00000000
RA0                               00000000
MPASM  5.51                          RLCD.ASM   4-5-2020  21:47:09         PAGE  7


SYMBOL TABLE
  LABEL                             VALUE 

RA1                               00000001
RA2                               00000002
RA3                               00000003
RA4                               00000004
RA5                               00000005
RA6                               00000006
RA7                               00000007
RB0                               00000000
RB1                               00000001
RB2                               00000002
RB3                               00000003
RB4                               00000004
RB5                               00000005
RB6                               00000006
RB7                               00000007
RBIE                              00000003
RBIF                              00000000
RCIE                              00000005
RCIF                              00000005
RCREG                             0000001A
RCSTA                             00000018
RD                                00000000
RP0                               00000005
RP1                               00000006
RX9                               00000006
RX9D                              00000000
RefreshLCD                        00000051
RelativeColumn                    00000000
RestoreRelativeColumn             00000067
ReturnOff                         0000003B
ReturnOn                          00000025
SPBRG                             00000099
SPEN                              00000007
SREN                              00000005
STATUS                            00000003
SYNC                              00000004
T0CS                              00000005
T0IE                              00000005
T0IF                              00000002
T0SE                              00000004
T1CKPS0                           00000004
T1CKPS1                           00000005
T1CON                             00000010
T1OSCEN                           00000003
T2CKPS0                           00000000
T2CKPS1                           00000001
T2CON                             00000012
TMR0                              00000001
TMR0IE                            00000005
TMR0IF                            00000002
TMR1CS                            00000001
TMR1H                             0000000F
TMR1IE                            00000000
MPASM  5.51                          RLCD.ASM   4-5-2020  21:47:09         PAGE  8


SYMBOL TABLE
  LABEL                             VALUE 

TMR1IF                            00000000
TMR1L                             0000000E
TMR1ON                            00000000
TMR2                              00000011
TMR2IE                            00000001
TMR2IF                            00000001
TMR2ON                            00000002
TOUTPS0                           00000003
TOUTPS1                           00000004
TOUTPS2                           00000005
TOUTPS3                           00000006
TRISA                             00000085
TRISA0                            00000000
TRISA1                            00000001
TRISA2                            00000002
TRISA3                            00000003
TRISA4                            00000004
TRISA5                            00000005
TRISA6                            00000006
TRISA7                            00000007
TRISB                             00000086
TRISB0                            00000000
TRISB1                            00000001
TRISB2                            00000002
TRISB3                            00000003
TRISB4                            00000004
TRISB5                            00000005
TRISB6                            00000006
TRISB7                            00000007
TRMT                              00000001
TX9                               00000006
TX9D                              00000000
TXEN                              00000005
TXIE                              00000004
TXIF                              00000004
TXREG                             00000019
TXSTA                             00000098
Tens                              00000000
UpEnter                           00000060
UpEsc                             000000A0
VR0                               00000000
VR1                               00000001
VR2                               00000002
VR3                               00000003
VRCON                             0000009F
VREN                              00000007
VROE                              00000006
VRR                               00000005
W                                 00000000
WR                                00000001
WREN                              00000002
WRERR                             00000003
Yes                               00000001
MPASM  5.51                          RLCD.ASM   4-5-2020  21:47:09         PAGE  9


SYMBOL TABLE
  LABEL                             VALUE 

YesNo                             00000002
YesNoDataType                     0000001F
Z                                 00000002
_BODEN_OFF                        00003FBF
_BODEN_ON                         00003FFF
_BOREN_OFF                        00003FBF
_BOREN_ON                         00003FFF
_CONFIG                           00002007
_CP_OFF                           00003FFF
_CP_ON                            00001FFF
_DEVID1                           00002006
_ER_OSC_CLKOUT                    00003FFF
_ER_OSC_NOCLKOUT                  00003FFE
_EXTCLK_OSC                       00003FEF
_HS_OSC                           00003FEE
_IDLOC0                           00002000
_IDLOC1                           00002001
_IDLOC2                           00002002
_IDLOC3                           00002003
_INTOSC_OSC_CLKOUT                00003FFD
_INTOSC_OSC_NOCLKOUT              00003FFC
_INTRC_OSC_CLKOUT                 00003FFD
_INTRC_OSC_NOCLKOUT               00003FFC
_LP_OSC                           00003FEC
_LVP_OFF                          00003F7F
_LVP_ON                           00003FFF
_MCLRE_OFF                        00003FDF
_MCLRE_ON                         00003FFF
_PWRTE_OFF                        00003FFF
_PWRTE_ON                         00003FF7
_RC_OSC_CLKOUT                    00003FFF
_RC_OSC_NOCLKOUT                  00003FFE
_WDT_OFF                          00003FFB
_WDT_ON                           00003FFF
_XT_OSC                           00003FED
__16F648A                         00000001
c                                 00000000
i                                 00000001
m_RestoreBank                     
m_SaveBank                        
tmp                               00000002

Errors   :     0
Warnings :     4 reported,    18 suppressed
Messages :     0 reported,     6 suppressed

