MPASM  5.51                     SERIALLCD.ASM   4-5-2020  21:47:11         PAGE  1


LOC  OBJECT CODE     LINE SOURCE TEXT
  VALUE

Warning[205]: Found directive in column 1. (include)
                      00001 include "P16F648A.inc"  ;include the defaults for the chip
                      00001         LIST
                      00002 
                      00003 ;==========================================================================
                      00004 ;  MPASM PIC16F648A processor include
                      00005 ; 
                      00006 ;  (c) Copyright 1999-2011 Microchip Technology, All rights reserved
                      00007 ;==========================================================================
                      00008 
Warning[205]: Found directive in column 1. (endm)
Warning[205]: Found directive in column 1. (endm)
                      00416         LIST
Warning[205]: Found directive in column 1. (errorlevel)
                      00002 errorlevel 2
  0000                00003 GLOBAL LCD_cmd
  0000                00004 GLOBAL LCD_chr
  0000                00005 GLOBAL LCD_Init
  0000                00006 Extern I2C_Start
  0000                00007 Extern I2C_Stop
  0000                00008 Extern I2C_Write
  0000                00009 Extern Delay
  0000                00010 Extern MiliDelay
  0000                00011 Extern MicroDelay
                      00012 
                      00013 Bank0 UDATA 
0000                  00014 SData   res 1
                      00015 
                      00016 PROG1 Code
                      00017 
                      00018 
                      00019 
                      00020 ;PCF8574  [0 1 0 0 A2 A1 A0]0 - 7 bits addr. From bit 1 to 7 
                      00021 ;PCF8574A [0 1 1 1 A2 A1 A0 0]- 8 bits addr. From bit 0 to bit 7 thus 0x70
                      00022 
                      00023 
                      00024 ; ------------------------------------ 
                      00025 ; Send COMMANDS from PCF8574A to HD44780
                      00026 ; Data are send serialy using I2C to 8574 and from there parallely to LCD.
                      00027 ; Data are sent 4bit per time. 
                      00028 ; Upper 4 bits is the command for the LCD and lower for Bits is the actual data.
                      00029 ; This is done 2 times because in order to insert the data to the LCD , the LCE_E pin much change from 1
                             to 0 (pulse)
                      00030 ; First UPPER Nibble is sent and then the LOWER Nibble
                      00031 ; 1-> Rs=0,RW=0,E=1 + Upper Nibble
                      00032 ; 2-> Rs=0,RW=0,E=0 + Upper Nibble
                      00033 ; 3-> Rs=0,RW=0,E=1 + Lower Nibble
                      00034 ; 4-> Rs=0,RW=0,E=0 + Lower Nibble
                      00035 ; ------------------------------------ 
0000                  00036 LCD_cmd
                      00037 
0000   00??           00038         movwf SData
0001   2???           00039         Call I2C_Start
MPASM  5.51                     SERIALLCD.ASM   4-5-2020  21:47:11         PAGE  2


LOC  OBJECT CODE     LINE SOURCE TEXT
  VALUE

                      00040         ;movlw 0x70 ; PCF8574A adddress
0002   3040           00041         movlw 0x40 ; PCF8574 adddress
0003   2???           00042         Call I2C_Write
                      00043 
0004   0E??           00044         swapf SData,W
0005   390F           00045         andlw 0x0f 
0006   3E90           00046         addlw b'10010000'
0007   2???           00047         Call I2C_Write
                      00048 
0008   0E??           00049         swapf SData,W
0009   390F           00050         andlw 0x0f 
000A   3E80           00051         addlw b'10000000'
000B   2???           00052         Call I2C_Write
                      00053         ;call MiliDelay
                      00054 
000C   08??           00055         movf SData,W
000D   3A20           00056         xorlw LCD_4bit 
000E   1903           00057         BTFSC STATUS,Z
000F   2???           00058         goto Exit_Cmd
                      00059 
0010   08??           00060         movf SData,W
0011   390F           00061         andlw 0x0f 
0012   3E90           00062         addlw b'10010000'
0013   2???           00063         Call I2C_Write
                      00064 
0014   08??           00065         movf SData,W
0015   390F           00066         andlw 0x0f 
0016   3E80           00067         addlw b'10000000'
0017   2???           00068         Call I2C_Write
                      00069 
0018                  00070 Exit_Cmd
0018   2???           00071         Call I2C_Stop
                      00072 
0019   08??           00073         movf SData,W
001A   3A01           00074         xorlw LCD_Clear 
001B   1903           00075         BTFSC STATUS,Z
001C   2???           00076         call MiliDelay
                      00077         ;Call MicroDelay
                      00078 
                      00079 
001D   0008           00080 return
                      00081 
                      00082 ; ------------------------------------ 
                      00083 ; Send CHARACTERS from PCF8574A to HD44780
                      00084 ; Rs=1,RW=0,E=1 -> Characters
                      00085 ; ------------------------------------ 
                      00086 
001E                  00087 LCD_chr
001E   00??           00088         movwf SData
001F   2???           00089         Call I2C_Start
                      00090 
                      00091         ;movlw 0x70 ; PCF8574A adddress
0020   3040           00092         movlw 0x40 ; PCF8574 adddress
MPASM  5.51                     SERIALLCD.ASM   4-5-2020  21:47:11         PAGE  3


LOC  OBJECT CODE     LINE SOURCE TEXT
  VALUE

0021   2???           00093         Call I2C_Write
                      00094 
0022   0E??           00095         swapf SData,W
0023   390F           00096         andlw 0x0f 
0024   3ED0           00097         addlw b'11010000'
0025   2???           00098         Call I2C_Write
                      00099 
0026   0E??           00100         swapf SData,W
0027   390F           00101         andlw 0x0f 
0028   3EC0           00102         addlw b'11000000'
0029   2???           00103         Call I2C_Write
                      00104         ;call MiliDelay
                      00105 
                      00106 
002A   08??           00107         movf SData,W
002B   390F           00108         andlw 0x0f 
002C   3ED0           00109         addlw b'11010000'
002D   2???           00110         Call I2C_Write
                      00111 
002E   08??           00112         movf SData,W
002F   390F           00113         andlw 0x0f 
0030   3EC0           00114         addlw b'11000000'
0031   2???           00115         Call I2C_Write
0032   2???           00116         Call I2C_Stop
                      00117         ;call MicroDelay
                      00118 
0033   0008           00119 return
                      00120 
                      00121 
                      00122 
0034                  00123 LCD_Init
0034   3020           00124         movlw LCD_4bit
0035   2???           00125         call LCD_cmd
0036   3015           00126         MOVLW 0x15;100 ms delay
0037   2???           00127         Call Delay
                      00128 
0038   3020           00129         movlw LCD_4bit
0039   2???           00130         call LCD_cmd
003A   3015           00131         MOVLW 0x15;100 ms delay
003B   2???           00132         Call Delay
                      00133 
003C   3020           00134         movlw LCD_4bit
003D   2???           00135         call LCD_cmd
003E   3015           00136         MOVLW 0x15;100 ms delay
003F   2???           00137         Call Delay
                      00138 
0040   300C           00139         movlw LCD_DisOn
0041   2???           00140         call LCD_cmd
0042   3001           00141         MOVLW 0x01;100 ms delay
0043   2???           00142         Call Delay
                      00143 
0044   302C           00144         movlw LCD_2Lines
0045   2???           00145         call LCD_cmd
MPASM  5.51                     SERIALLCD.ASM   4-5-2020  21:47:11         PAGE  4


LOC  OBJECT CODE     LINE SOURCE TEXT
  VALUE

0046   3001           00146         MOVLW 0x01;100 ms delay
0047   2???           00147         Call Delay
                      00148 
0048   3001           00149         movlw LCD_Clear
0049   2???           00150         call LCD_cmd
004A   3001           00151         MOVLW 0x01;100 ms delay
004B   2???           00152         Call Delay
                      00153 
004C   3002           00154         movlw LCD_CursorHome
004D   2???           00155         call LCD_cmd
004E   3001           00156         MOVLW 0x01;100 ms delay
004F   2???           00157         Call Delay
                      00158 
0050   0008           00159 return
                      00160 
                      00161 
                      00162 end
MPASM  5.51                     SERIALLCD.ASM   4-5-2020  21:47:11         PAGE  5


SYMBOL TABLE
  LABEL                             VALUE 

ADDEN                             00000003
ADEN                              00000003
BRGH                              00000002
Bank0                             00000000
C                                 00000000
C1INV                             00000004
C1OUT                             00000006
C2INV                             00000005
C2OUT                             00000007
CCP1CON                           00000017
CCP1IE                            00000002
CCP1IF                            00000002
CCP1M0                            00000000
CCP1M1                            00000001
CCP1M2                            00000002
CCP1M3                            00000003
CCP1X                             00000005
CCP1Y                             00000004
CCPR1                             00000015
CCPR1H                            00000016
CCPR1L                            00000015
CIS                               00000003
CM0                               00000000
CM1                               00000001
CM2                               00000002
CMCON                             0000001F
CMIE                              00000006
CMIF                              00000006
CREN                              00000004
CSRC                              00000007
DATA_CP_OFF                       00003FFF
DATA_CP_ON                        00003EFF
DC                                00000001
Decimal                           00000001
Delay                             00000000
DownEnter                         00000050
Drain                             00000000
EEADR                             0000009B
EECON1                            0000009C
EECON2                            0000009D
EEDATA                            0000009A
EEIE                              00000007
EEIF                              00000007
Exit_Cmd                          00000018
F                                 00000001
FERR                              00000002
FSR                               00000004
Flood                             00000001
GIE                               00000007
I2C_Start                         00000000
I2C_Stop                          00000000
I2C_Write                         00000000
INDF                              00000000
MPASM  5.51                     SERIALLCD.ASM   4-5-2020  21:47:11         PAGE  6


SYMBOL TABLE
  LABEL                             VALUE 

INTCON                            0000000B
INTE                              00000004
INTEDG                            00000006
INTF                              00000001
IRP                               00000007
Idle                              000000FF
LCD_2Lines                        0000002C
LCD_4bit                          00000020
LCD_Blinc                         0000000D
LCD_Clear                         00000001
LCD_CursorHome                    00000002
LCD_DisOff                        00000008
LCD_DisOn                         0000000C
LCD_Init                          00000034
LCD_Line1                         00000080
LCD_Line2                         000000C0
LCD_Lines                         00000002
LCD_Underline                     0000000E
LCD_chr                           0000001E
LCD_cmd                           00000000
MicroDelay                        00000000
MiliDelay                         00000000
NOT_BO                            00000000
NOT_BOD                           00000000
NOT_BOR                           00000000
NOT_PD                            00000003
NOT_POR                           00000001
NOT_RBPU                          00000007
NOT_T1SYNC                        00000002
NOT_TO                            00000004
No                                00000000
OERR                              00000001
OPTION_REG                        00000081
OSCF                              00000003
OnOff                             00000003
PCL                               00000002
PCLATH                            0000000A
PCON                              0000008E
PEIE                              00000006
PIE1                              0000008C
PIR1                              0000000C
PORTA                             00000005
PORTB                             00000006
PR2                               00000092
PS0                               00000000
PS1                               00000001
PS2                               00000002
PSA                               00000003
RA0                               00000000
RA1                               00000001
RA2                               00000002
RA3                               00000003
RA4                               00000004
MPASM  5.51                     SERIALLCD.ASM   4-5-2020  21:47:11         PAGE  7


SYMBOL TABLE
  LABEL                             VALUE 

RA5                               00000005
RA6                               00000006
RA7                               00000007
RB0                               00000000
RB1                               00000001
RB2                               00000002
RB3                               00000003
RB4                               00000004
RB5                               00000005
RB6                               00000006
RB7                               00000007
RBIE                              00000003
RBIF                              00000000
RCIE                              00000005
RCIF                              00000005
RCREG                             0000001A
RCSTA                             00000018
RD                                00000000
RP0                               00000005
RP1                               00000006
RX9                               00000006
RX9D                              00000000
SData                             00000000
SPBRG                             00000099
SPEN                              00000007
SREN                              00000005
STATUS                            00000003
SYNC                              00000004
T0CS                              00000005
T0IE                              00000005
T0IF                              00000002
T0SE                              00000004
T1CKPS0                           00000004
T1CKPS1                           00000005
T1CON                             00000010
T1OSCEN                           00000003
T2CKPS0                           00000000
T2CKPS1                           00000001
T2CON                             00000012
TMR0                              00000001
TMR0IE                            00000005
TMR0IF                            00000002
TMR1CS                            00000001
TMR1H                             0000000F
TMR1IE                            00000000
TMR1IF                            00000000
TMR1L                             0000000E
TMR1ON                            00000000
TMR2                              00000011
TMR2IE                            00000001
TMR2IF                            00000001
TMR2ON                            00000002
TOUTPS0                           00000003
MPASM  5.51                     SERIALLCD.ASM   4-5-2020  21:47:11         PAGE  8


SYMBOL TABLE
  LABEL                             VALUE 

TOUTPS1                           00000004
TOUTPS2                           00000005
TOUTPS3                           00000006
TRISA                             00000085
TRISA0                            00000000
TRISA1                            00000001
TRISA2                            00000002
TRISA3                            00000003
TRISA4                            00000004
TRISA5                            00000005
TRISA6                            00000006
TRISA7                            00000007
TRISB                             00000086
TRISB0                            00000000
TRISB1                            00000001
TRISB2                            00000002
TRISB3                            00000003
TRISB4                            00000004
TRISB5                            00000005
TRISB6                            00000006
TRISB7                            00000007
TRMT                              00000001
TX9                               00000006
TX9D                              00000000
TXEN                              00000005
TXIE                              00000004
TXIF                              00000004
TXREG                             00000019
TXSTA                             00000098
UpEnter                           00000060
UpEsc                             000000A0
VR0                               00000000
VR1                               00000001
VR2                               00000002
VR3                               00000003
VRCON                             0000009F
VREN                              00000007
VROE                              00000006
VRR                               00000005
W                                 00000000
WR                                00000001
WREN                              00000002
WRERR                             00000003
Yes                               00000001
YesNo                             00000002
Z                                 00000002
_BODEN_OFF                        00003FBF
_BODEN_ON                         00003FFF
_BOREN_OFF                        00003FBF
_BOREN_ON                         00003FFF
_CONFIG                           00002007
_CP_OFF                           00003FFF
_CP_ON                            00001FFF
MPASM  5.51                     SERIALLCD.ASM   4-5-2020  21:47:11         PAGE  9


SYMBOL TABLE
  LABEL                             VALUE 

_DEVID1                           00002006
_ER_OSC_CLKOUT                    00003FFF
_ER_OSC_NOCLKOUT                  00003FFE
_EXTCLK_OSC                       00003FEF
_HS_OSC                           00003FEE
_IDLOC0                           00002000
_IDLOC1                           00002001
_IDLOC2                           00002002
_IDLOC3                           00002003
_INTOSC_OSC_CLKOUT                00003FFD
_INTOSC_OSC_NOCLKOUT              00003FFC
_INTRC_OSC_CLKOUT                 00003FFD
_INTRC_OSC_NOCLKOUT               00003FFC
_LP_OSC                           00003FEC
_LVP_OFF                          00003F7F
_LVP_ON                           00003FFF
_MCLRE_OFF                        00003FDF
_MCLRE_ON                         00003FFF
_PWRTE_OFF                        00003FFF
_PWRTE_ON                         00003FF7
_RC_OSC_CLKOUT                    00003FFF
_RC_OSC_NOCLKOUT                  00003FFE
_WDT_OFF                          00003FFB
_WDT_ON                           00003FFF
_XT_OSC                           00003FED
__16F648A                         00000001
m_RestoreBank                     
m_SaveBank                        

Errors   :     0
Warnings :     4 reported,    13 suppressed
Messages :     0 reported,     0 suppressed

