MPASM  5.46                  STATEMACHINE.ASM   1-6-2013  20:50:09         PAGE  1


LOC  OBJECT CODE     LINE SOURCE TEXT
  VALUE

Warning[205]: Found directive in column 1. (include)
                      00001 include "P16F648A.inc"  ;include the defaults for the chip
                      00001         LIST
                      00002 
                      00003 ;==========================================================================
                      00004 ;  MPASM PIC16F648A processor include
                      00005 ; 
                      00006 ;  (c) Copyright 1999-2011 Microchip Technology, All rights reserved
                      00007 ;==========================================================================
                      00008 
                      00393         LIST
Warning[205]: Found directive in column 1. (errorlevel)
                      00002 errorlevel 2
  0000                00003 GLOBAL KeyDown
  0000                00004 GLOBAL KeyUp
  0000                00005 GLOBAL KeyEnter
  0000                00006 GLOBAL KeyExit
  0000                00007 GLOBAL KeyUpEsc
                      00008 
  0000                00009 Extern StateMachine
  0000                00010 Extern ScrollDown
  0000                00011 Extern MoveLeft 
  0000                00012 Extern DecVariable 
  0000                00013 Extern IncContrast
  0000                00014 Extern ScrollUp   
  0000                00015 Extern MoveRight  
  0000                00016 Extern IncVariable
  0000                00017 Extern EnterSub
  0000                00018 Extern EnterVariable
  0000                00019 Extern ExitVariable 
  0000                00020 Extern ExitSub
  0000                00021 Extern BacktoMenu
  0000                00022 Extern UpAndEsc
                      00023 
                      00024 PROG1 code
                      00025 ; ------------------------------------ 
                      00026 ; Key Down
                      00027 ; Choose routine to execute based on StateMachine
                      00028 ; ------------------------------------ 
0000                  00029 KeyDown
0000   ???? ????      00030         PageselW KeyDownRoutineTable
0002   30??           00031         movlw Low KeyDownRoutineTable
0003   07??           00032         Addwf StateMachine,W
0004   1803           00033         Btfsc STATUS,C
0005   0A8A           00034         incf PCLATH
0006   0082           00035         movwf PCL
0007                  00036 KeyDownRoutineTable
0007   2???           00037         Goto ScrollDown ;State Machine=0
0008   2???           00038         Goto MoveLeft   ;State Machine=1
0009   2???           00039         Goto DecVariable;State Machine=2
000A   2???           00040         Goto IncContrast;State Machine=3
                      00041 
                      00042 ; ------------------------------------ 
MPASM  5.46                  STATEMACHINE.ASM   1-6-2013  20:50:09         PAGE  2


LOC  OBJECT CODE     LINE SOURCE TEXT
  VALUE

                      00043 ; Key Up
                      00044 ; Choose routine to execute based on StateMachine
                      00045 ; ------------------------------------ 
000B                  00046 KeyUp
000B   ???? ????      00047         PageselW KeyUpRoutineTable
000D   30??           00048         movlw Low KeyUpRoutineTable
000E   07??           00049         Addwf StateMachine,W
000F   1803           00050         Btfsc STATUS,C
0010   0A8A           00051         incf PCLATH
0011   0082           00052         movwf PCL
0012                  00053 KeyUpRoutineTable
0012   2???           00054         Goto ScrollUp    ;State Machine=0
0013   2???           00055         Goto MoveRight   ;State Machine=1
0014   2???           00056         Goto IncVariable ;State Machine=2
0015   0008           00057         Return                   ;State Machine=3
                      00058 
                      00059 ; ------------------------------------ 
                      00060 ; Key Enter
                      00061 ; Choose routine to execute based on StateMachine
                      00062 ; ------------------------------------ 
0016                  00063 KeyEnter
0016   ???? ????      00064         PageselW KeyEnterRoutineTable
0018   30??           00065         movlw Low KeyEnterRoutineTable
0019   07??           00066         Addwf StateMachine,W
001A   1803           00067         Btfsc STATUS,C
001B   0A8A           00068         incf PCLATH
001C   0082           00069         movwf PCL
001D                  00070 KeyEnterRoutineTable
001D   2???           00071         Goto EnterSub           ;State Machine=0
001E   2???           00072         Goto EnterVariable  ;State Machine=1
001F   2???           00073         Goto ExitVariable       ;State Machine=2
0020   0008           00074         Return                          ;State Machine=3
                      00075 
                      00076 ; ------------------------------------ 
                      00077 ; Key Esc
                      00078 ; Choose routine to execute based on StateMachine
                      00079 ; ------------------------------------ 
0021                  00080 KeyExit
0021   ???? ????      00081         Pageselw KeyExitRoutineTable
0023   30??           00082         movlw Low KeyExitRoutineTable
0024   07??           00083         Addwf StateMachine,W
0025   1803           00084         Btfsc STATUS,C
0026   0A8A           00085         incf PCLATH
0027   0082           00086         movwf PCL
0028                  00087 KeyExitRoutineTable
0028   2???           00088         Goto ExitSub            ;State Machine=0
0029   2???           00089         Goto BacktoMenu         ;State Machine=1
002A   2???           00090         Goto ExitVariable       ;State Machine=2
002B   0008           00091         Return                          ;State Machine=3
                      00092 
                      00093 ; ------------------------------------ 
                      00094 ; Keys Up & Esc
                      00095 ; Choose routine to execute based on StateMachine
MPASM  5.46                  STATEMACHINE.ASM   1-6-2013  20:50:09         PAGE  3


LOC  OBJECT CODE     LINE SOURCE TEXT
  VALUE

                      00096 ; ------------------------------------ 
002C                  00097 KeyUpEsc
002C   ???? ????      00098         Pageselw KeyUpEscRoutineTable
002E   30??           00099         movlw Low KeyUpEscRoutineTable
002F   07??           00100         Addwf StateMachine,W
0030   1803           00101         Btfsc STATUS,C
0031   0A8A           00102         incf PCLATH
0032   0082           00103         movwf PCL
0033                  00104 KeyUpEscRoutineTable
0033   0008           00105         return                  ;State Machine=0
0034   0008           00106         return                  ;State Machine=1
0035   0008           00107         return                  ;State Machine=2
0036   2???           00108         Goto UpAndEsc   ;State Machine=3
                      00109 end
MPASM  5.46                  STATEMACHINE.ASM   1-6-2013  20:50:09         PAGE  4


SYMBOL TABLE
  LABEL                             VALUE 

ADDEN                             00000003
ADEN                              00000003
BRGH                              00000002
BacktoMenu                        00000000
Bank0                             00000000
C                                 00000000
C1INV                             00000004
C1OUT                             00000006
C2INV                             00000005
C2OUT                             00000007
CCP1CON                           00000017
CCP1IE                            00000002
CCP1IF                            00000002
CCP1M0                            00000000
CCP1M1                            00000001
CCP1M2                            00000002
CCP1M3                            00000003
CCP1X                             00000005
CCP1Y                             00000004
CCPR1                             00000015
CCPR1H                            00000016
CCPR1L                            00000015
CIS                               00000003
CM0                               00000000
CM1                               00000001
CM2                               00000002
CMCON                             0000001F
CMIE                              00000006
CMIF                              00000006
CREN                              00000004
CSRC                              00000007
DATA_CP_OFF                       00003FFF
DATA_CP_ON                        00003EFF
DC                                00000001
DecVariable                       00000000
Decimal                           00000001
Drain                             00000000
EEADR                             0000009B
EECON1                            0000009C
EECON2                            0000009D
EEDATA                            0000009A
EEIE                              00000007
EEIF                              00000007
EnterSub                          00000000
EnterVariable                     00000000
ExitSub                           00000000
ExitVariable                      00000000
F                                 00000001
FERR                              00000002
FSR                               00000004
Flood                             00000001
GIE                               00000007
INDF                              00000000
MPASM  5.46                  STATEMACHINE.ASM   1-6-2013  20:50:09         PAGE  5


SYMBOL TABLE
  LABEL                             VALUE 

INTCON                            0000000B
INTE                              00000004
INTEDG                            00000006
INTF                              00000001
IRP                               00000007
IncContrast                       00000000
IncVariable                       00000000
KeyDown                           00000000
KeyDownRoutineTable               00000007
KeyEnter                          00000016
KeyEnterRoutineTable              0000001D
KeyExit                           00000021
KeyExitRoutineTable               00000028
KeyUp                             0000000B
KeyUpEsc                          0000002C
KeyUpEscRoutineTable              00000033
KeyUpRoutineTable                 00000012
LCD_2Lines                        0000002C
LCD_4bit                          00000020
LCD_Blinc                         0000000D
LCD_Clear                         00000001
LCD_CursorHome                    00000002
LCD_DisOff                        00000008
LCD_DisOn                         0000000C
LCD_Line1                         00000080
LCD_Line2                         000000C0
LCD_Lines                         00000002
LCD_Underline                     0000000E
MoveLeft                          00000000
MoveRight                         00000000
NOT_BO                            00000000
NOT_BOD                           00000000
NOT_BOR                           00000000
NOT_PD                            00000003
NOT_POR                           00000001
NOT_RBPU                          00000007
NOT_T1SYNC                        00000002
NOT_TO                            00000004
No                                00000000
OERR                              00000001
OPTION_REG                        00000081
OSCF                              00000003
OnOff                             00000003
PCL                               00000002
PCLATH                            0000000A
PCON                              0000008E
PEIE                              00000006
PIE1                              0000008C
PIR1                              0000000C
PORTA                             00000005
PORTB                             00000006
PR2                               00000092
PS0                               00000000
MPASM  5.46                  STATEMACHINE.ASM   1-6-2013  20:50:09         PAGE  6


SYMBOL TABLE
  LABEL                             VALUE 

PS1                               00000001
PS2                               00000002
PSA                               00000003
RA0                               00000000
RA1                               00000001
RA2                               00000002
RA3                               00000003
RA4                               00000004
RA5                               00000005
RA6                               00000006
RA7                               00000007
RB0                               00000000
RB1                               00000001
RB2                               00000002
RB3                               00000003
RB4                               00000004
RB5                               00000005
RB6                               00000006
RB7                               00000007
RBIE                              00000003
RBIF                              00000000
RCIE                              00000005
RCIF                              00000005
RCREG                             0000001A
RCSTA                             00000018
RD                                00000000
RP0                               00000005
RP1                               00000006
RX9                               00000006
RX9D                              00000000
SPBRG                             00000099
SPEN                              00000007
SREN                              00000005
STATUS                            00000003
SYNC                              00000004
ScrollDown                        00000000
ScrollUp                          00000000
StateMachine                      00000000
T0CS                              00000005
T0IE                              00000005
T0IF                              00000002
T0SE                              00000004
T1CKPS0                           00000004
T1CKPS1                           00000005
T1CON                             00000010
T1OSCEN                           00000003
T2CKPS0                           00000000
T2CKPS1                           00000001
T2CON                             00000012
TMR0                              00000001
TMR0IE                            00000005
TMR0IF                            00000002
TMR1CS                            00000001
MPASM  5.46                  STATEMACHINE.ASM   1-6-2013  20:50:09         PAGE  7


SYMBOL TABLE
  LABEL                             VALUE 

TMR1H                             0000000F
TMR1IE                            00000000
TMR1IF                            00000000
TMR1L                             0000000E
TMR1ON                            00000000
TMR2                              00000011
TMR2IE                            00000001
TMR2IF                            00000001
TMR2ON                            00000002
TOUTPS0                           00000003
TOUTPS1                           00000004
TOUTPS2                           00000005
TOUTPS3                           00000006
TRISA                             00000085
TRISA0                            00000000
TRISA1                            00000001
TRISA2                            00000002
TRISA3                            00000003
TRISA4                            00000004
TRISA5                            00000005
TRISA6                            00000006
TRISA7                            00000007
TRISB                             00000086
TRISB0                            00000000
TRISB1                            00000001
TRISB2                            00000002
TRISB3                            00000003
TRISB4                            00000004
TRISB5                            00000005
TRISB6                            00000006
TRISB7                            00000007
TRMT                              00000001
TX9                               00000006
TX9D                              00000000
TXEN                              00000005
TXIE                              00000004
TXIF                              00000004
TXREG                             00000019
TXSTA                             00000098
UpAndEsc                          00000000
UpEsc                             000000A0
VR0                               00000000
VR1                               00000001
VR2                               00000002
VR3                               00000003
VRCON                             0000009F
VREN                              00000007
VROE                              00000006
VRR                               00000005
W                                 00000000
WR                                00000001
WREN                              00000002
WRERR                             00000003
MPASM  5.46                  STATEMACHINE.ASM   1-6-2013  20:50:09         PAGE  8


SYMBOL TABLE
  LABEL                             VALUE 

Yes                               00000001
YesNo                             00000002
Z                                 00000002
_BODEN_OFF                        00003FBF
_BODEN_ON                         00003FFF
_BOREN_OFF                        00003FBF
_BOREN_ON                         00003FFF
_CONFIG                           00002007
_CP_OFF                           00003FFF
_CP_ON                            00001FFF
_DEVID1                           00002006
_ER_OSC_CLKOUT                    00003FFF
_ER_OSC_NOCLKOUT                  00003FFE
_EXTCLK_OSC                       00003FEF
_HS_OSC                           00003FEE
_IDLOC0                           00002000
_IDLOC1                           00002001
_IDLOC2                           00002002
_IDLOC3                           00002003
_INTOSC_OSC_CLKOUT                00003FFD
_INTOSC_OSC_NOCLKOUT              00003FFC
_INTRC_OSC_CLKOUT                 00003FFD
_INTRC_OSC_NOCLKOUT               00003FFC
_LP_OSC                           00003FEC
_LVP_OFF                          00003F7F
_LVP_ON                           00003FFF
_MCLRE_OFF                        00003FDF
_MCLRE_ON                         00003FFF
_PWRTE_OFF                        00003FFF
_PWRTE_ON                         00003FF7
_RC_OSC_CLKOUT                    00003FFF
_RC_OSC_NOCLKOUT                  00003FFE
_WDT_OFF                          00003FFB
_WDT_ON                           00003FFF
_XT_OSC                           00003FED
__16F648A                         00000001

Errors   :     0
Warnings :     2 reported,    20 suppressed
Messages :     0 reported,     5 suppressed

