MPASM  5.51                   WATERSTATUS.ASM   4-5-2020  21:47:12         PAGE  1


LOC  OBJECT CODE     LINE SOURCE TEXT
  VALUE

Warning[205]: Found directive in column 1. (include)
                      00001 include "P16F648A.inc"  ;include the defaults for the chip
                      00001         LIST
                      00002 
                      00003 ;==========================================================================
                      00004 ;  MPASM PIC16F648A processor include
                      00005 ; 
                      00006 ;  (c) Copyright 1999-2011 Microchip Technology, All rights reserved
                      00007 ;==========================================================================
                      00008 
Warning[205]: Found directive in column 1. (endm)
Warning[205]: Found directive in column 1. (endm)
                      00416         LIST
Warning[205]: Found directive in column 1. (errorlevel)
                      00002 errorlevel 2
                      00003 
                      00004 #Define FloodPump PORTA,7
                      00005 #Define DrainPump PORTA,6
                      00006 
                      00007 #Define UFSW PORTB,RB1  ; upper float switch
                      00008 #Define LFSW PORTB,RB2  ; lower float switch
                      00009 
  0000                00010 Extern WaterStatus
  0000                00011 Extern OldWaterStatus
                      00012 
  0000                00013 Extern TMR1Delay
  0000                00014 Extern UFSwDelay
  0000                00015 Extern LFSwDelay
                      00016 
  0000                00017 Extern Delay
                      00018 
  0000                00019 Global CheckWaterStatus
                      00020 
                      00021 
                      00022 PROG1 Code
                      00023 
                      00024 
0000                  00025 CheckWaterStatus
0000   08??           00026         movf WaterStatus,W
0001   1903           00027         btfsc STATUS,Z ;0=Drain 1=Flood FF=Idle
0002   2???           00028         Goto Draining
0003   09??           00029         comf WaterStatus,W
0004   1903           00030         btfsc STATUS,Z ;0=Drain 1=Flood FF=Idle
0005   2???           00031         Goto SetIdle
0006   2???           00032         Goto Flooding
0007                  00033 Draining
                      00034         ;Step 1 - Check Previous State
0007   08??           00035         Movf OldWaterStatus,W
                      00036         ;Btfsc STATUS,Z
0008   1903           00037         skpnz STATUS,Z
0009   2???           00038         Goto $+3
                      00039         ;Step 2 - Old State is Flood
000A   1010           00040         Bcf T1CON,TMR1ON ; Disable Tmr1
MPASM  5.51                   WATERSTATUS.ASM   4-5-2020  21:47:12         PAGE  2


LOC  OBJECT CODE     LINE SOURCE TEXT
  VALUE

000B   01??           00041         clrf TMR1Delay
                      00042         ;Step 3 - Old State is Drain (same state)
000C   1385           00043         BCF FloodPump
000D   01??           00044         clrf OldWaterStatus
                      00045         
                      00046         ;Step 4 - Check Low Float Switch
000E   1906           00047         btfsc LFSW
000F   2???           00048         Goto DFloatswitch_OFF
                      00049 
                      00050         ;Debounce the float switch
0010   3001           00051         movlw 0x01 ; wait for 10ms
0011   2???           00052         Call Delay ; and check the port again. If the result
0012   1906           00053         btfsc LFSW ; keeps the same then accept it.
0013   2???           00054         Goto DFloatswitch_OFF
                      00055 
                      00056         ;Step 5 - LFSW is On
0014   1305           00057         BCF DrainPump
0015   08??           00058         movf LFSwDelay,W
0016   00??           00059         movwf TMR1Delay 
0017   0D??           00060         rlf  TMR1Delay,F
                      00061 
0018   1410           00062         BSF T1CON,TMR1ON ; Enable Tmr1
0019   0008           00063         return
001A                  00064 DFloatswitch_OFF
                      00065         ;Step 6 - Is Delay-0?
001A   08??           00066         movf TMR1Delay,W
001B   1D03           00067         btfss STATUS,Z
001C   0008           00068         return
001D                  00069 SetDrainPumpOn
                      00070         ;Step 7 - Set Drain Pump=ON
001D   1705           00071         BSF DrainPump
001E   0008           00072         return
                      00073 
001F                  00074 Flooding
                      00075         ;Step 1 - Check Previous State
001F   08??           00076         Movf OldWaterStatus,W
0020   3A01           00077         Xorlw Flood
0021   1903           00078         Btfsc STATUS,Z
                      00079         ;skpz STATUS,Z
0022   2???           00080         Goto $+3 ;last state=Flood
                      00081         ;Step 2 - Old State is Drain
0023   1010           00082         Bcf T1CON,TMR1ON ; Disable Tmr1
0024   01??           00083         clrf TMR1Delay
                      00084         ;Step 3 - Old State is Flood (same state)
0025   1305           00085         BCF DrainPump
0026   3001           00086         movlw Flood
0027   00??           00087         movwf OldWaterStatus
                      00088         
                      00089         ;Step 4 - Check Upper Float Switch
0028   1886           00090         btfsc UFSW
0029   2???           00091         Goto UFloatswitch_OFF
                      00092 
                      00093         ;Debounce the float switch
MPASM  5.51                   WATERSTATUS.ASM   4-5-2020  21:47:12         PAGE  3


LOC  OBJECT CODE     LINE SOURCE TEXT
  VALUE

002A   3001           00094         movlw 0x01
002B   2???           00095         Call Delay
002C   1886           00096         btfsc UFSW
002D   2???           00097         Goto UFloatswitch_OFF
                      00098 
                      00099 
                      00100         ;Step 5 - LFSW is On
002E   1385           00101         BCF FloodPump
002F   08??           00102         movf UFSwDelay,W
0030   00??           00103         movwf TMR1Delay 
0031   0D??           00104         rlf  TMR1Delay,F
                      00105 
0032   1410           00106         BSF T1CON,TMR1ON ; Enable Tmr1
0033   0008           00107         return
0034                  00108 UFloatswitch_OFF
                      00109         ;Step 6 - Is Delay-0?
0034   08??           00110         movf TMR1Delay,W
0035   1D03           00111         btfss STATUS,Z
0036   0008           00112         return
0037                  00113 SetFloodPumpOn
                      00114         ;Step 7 - Set Flood Pump=ON
0037   1785           00115         BSF FloodPump
0038   0008           00116 return
                      00117 
                      00118 
0039                  00119 SetIdle
0039   1010           00120         Bcf T1CON,TMR1ON ; Disable Tmr1
003A   01??           00121         clrf TMR1Delay
003B   1305           00122         BCF DrainPump ; Disable both pumps
003C   1385           00123         BCF FloodPump
003D   30FF           00124         movlw Idle
003E   00??           00125         movwf OldWaterStatus ; Change OldWaterStatus
003F   0008           00126 Return
                      00127 
                      00128 end
MPASM  5.51                   WATERSTATUS.ASM   4-5-2020  21:47:12         PAGE  4


SYMBOL TABLE
  LABEL                             VALUE 

ADDEN                             00000003
ADEN                              00000003
BRGH                              00000002
Bank0                             00000000
C                                 00000000
C1INV                             00000004
C1OUT                             00000006
C2INV                             00000005
C2OUT                             00000007
CCP1CON                           00000017
CCP1IE                            00000002
CCP1IF                            00000002
CCP1M0                            00000000
CCP1M1                            00000001
CCP1M2                            00000002
CCP1M3                            00000003
CCP1X                             00000005
CCP1Y                             00000004
CCPR1                             00000015
CCPR1H                            00000016
CCPR1L                            00000015
CIS                               00000003
CM0                               00000000
CM1                               00000001
CM2                               00000002
CMCON                             0000001F
CMIE                              00000006
CMIF                              00000006
CREN                              00000004
CSRC                              00000007
CheckWaterStatus                  00000000
DATA_CP_OFF                       00003FFF
DATA_CP_ON                        00003EFF
DC                                00000001
DFloatswitch_OFF                  0000001A
Decimal                           00000001
Delay                             00000000
DownEnter                         00000050
Drain                             00000000
DrainPump                         PORTA,6
Draining                          00000007
EEADR                             0000009B
EECON1                            0000009C
EECON2                            0000009D
EEDATA                            0000009A
EEIE                              00000007
EEIF                              00000007
F                                 00000001
FERR                              00000002
FSR                               00000004
Flood                             00000001
FloodPump                         PORTA,7
Flooding                          0000001F
MPASM  5.51                   WATERSTATUS.ASM   4-5-2020  21:47:12         PAGE  5


SYMBOL TABLE
  LABEL                             VALUE 

GIE                               00000007
INDF                              00000000
INTCON                            0000000B
INTE                              00000004
INTEDG                            00000006
INTF                              00000001
IRP                               00000007
Idle                              000000FF
LCD_2Lines                        0000002C
LCD_4bit                          00000020
LCD_Blinc                         0000000D
LCD_Clear                         00000001
LCD_CursorHome                    00000002
LCD_DisOff                        00000008
LCD_DisOn                         0000000C
LCD_Line1                         00000080
LCD_Line2                         000000C0
LCD_Lines                         00000002
LCD_Underline                     0000000E
LFSW                              PORTB,RB2
LFSwDelay                         00000000
NOT_BO                            00000000
NOT_BOD                           00000000
NOT_BOR                           00000000
NOT_PD                            00000003
NOT_POR                           00000001
NOT_RBPU                          00000007
NOT_T1SYNC                        00000002
NOT_TO                            00000004
No                                00000000
OERR                              00000001
OPTION_REG                        00000081
OSCF                              00000003
OldWaterStatus                    00000000
OnOff                             00000003
PCL                               00000002
PCLATH                            0000000A
PCON                              0000008E
PEIE                              00000006
PIE1                              0000008C
PIR1                              0000000C
PORTA                             00000005
PORTB                             00000006
PR2                               00000092
PS0                               00000000
PS1                               00000001
PS2                               00000002
PSA                               00000003
RA0                               00000000
RA1                               00000001
RA2                               00000002
RA3                               00000003
RA4                               00000004
MPASM  5.51                   WATERSTATUS.ASM   4-5-2020  21:47:12         PAGE  6


SYMBOL TABLE
  LABEL                             VALUE 

RA5                               00000005
RA6                               00000006
RA7                               00000007
RB0                               00000000
RB1                               00000001
RB2                               00000002
RB3                               00000003
RB4                               00000004
RB5                               00000005
RB6                               00000006
RB7                               00000007
RBIE                              00000003
RBIF                              00000000
RCIE                              00000005
RCIF                              00000005
RCREG                             0000001A
RCSTA                             00000018
RD                                00000000
RP0                               00000005
RP1                               00000006
RX9                               00000006
RX9D                              00000000
SPBRG                             00000099
SPEN                              00000007
SREN                              00000005
STATUS                            00000003
SYNC                              00000004
SetDrainPumpOn                    0000001D
SetFloodPumpOn                    00000037
SetIdle                           00000039
T0CS                              00000005
T0IE                              00000005
T0IF                              00000002
T0SE                              00000004
T1CKPS0                           00000004
T1CKPS1                           00000005
T1CON                             00000010
T1OSCEN                           00000003
T2CKPS0                           00000000
T2CKPS1                           00000001
T2CON                             00000012
TMR0                              00000001
TMR0IE                            00000005
TMR0IF                            00000002
TMR1CS                            00000001
TMR1Delay                         00000000
TMR1H                             0000000F
TMR1IE                            00000000
TMR1IF                            00000000
TMR1L                             0000000E
TMR1ON                            00000000
TMR2                              00000011
TMR2IE                            00000001
MPASM  5.51                   WATERSTATUS.ASM   4-5-2020  21:47:12         PAGE  7


SYMBOL TABLE
  LABEL                             VALUE 

TMR2IF                            00000001
TMR2ON                            00000002
TOUTPS0                           00000003
TOUTPS1                           00000004
TOUTPS2                           00000005
TOUTPS3                           00000006
TRISA                             00000085
TRISA0                            00000000
TRISA1                            00000001
TRISA2                            00000002
TRISA3                            00000003
TRISA4                            00000004
TRISA5                            00000005
TRISA6                            00000006
TRISA7                            00000007
TRISB                             00000086
TRISB0                            00000000
TRISB1                            00000001
TRISB2                            00000002
TRISB3                            00000003
TRISB4                            00000004
TRISB5                            00000005
TRISB6                            00000006
TRISB7                            00000007
TRMT                              00000001
TX9                               00000006
TX9D                              00000000
TXEN                              00000005
TXIE                              00000004
TXIF                              00000004
TXREG                             00000019
TXSTA                             00000098
UFSW                              PORTB,RB1
UFSwDelay                         00000000
UFloatswitch_OFF                  00000034
UpEnter                           00000060
UpEsc                             000000A0
VR0                               00000000
VR1                               00000001
VR2                               00000002
VR3                               00000003
VRCON                             0000009F
VREN                              00000007
VROE                              00000006
VRR                               00000005
W                                 00000000
WR                                00000001
WREN                              00000002
WRERR                             00000003
WaterStatus                       00000000
Yes                               00000001
YesNo                             00000002
Z                                 00000002
MPASM  5.51                   WATERSTATUS.ASM   4-5-2020  21:47:12         PAGE  8


SYMBOL TABLE
  LABEL                             VALUE 

_BODEN_OFF                        00003FBF
_BODEN_ON                         00003FFF
_BOREN_OFF                        00003FBF
_BOREN_ON                         00003FFF
_CONFIG                           00002007
_CP_OFF                           00003FFF
_CP_ON                            00001FFF
_DEVID1                           00002006
_ER_OSC_CLKOUT                    00003FFF
_ER_OSC_NOCLKOUT                  00003FFE
_EXTCLK_OSC                       00003FEF
_HS_OSC                           00003FEE
_IDLOC0                           00002000
_IDLOC1                           00002001
_IDLOC2                           00002002
_IDLOC3                           00002003
_INTOSC_OSC_CLKOUT                00003FFD
_INTOSC_OSC_NOCLKOUT              00003FFC
_INTRC_OSC_CLKOUT                 00003FFD
_INTRC_OSC_NOCLKOUT               00003FFC
_LP_OSC                           00003FEC
_LVP_OFF                          00003F7F
_LVP_ON                           00003FFF
_MCLRE_OFF                        00003FDF
_MCLRE_ON                         00003FFF
_PROG1_0009                       00000009
_PROG1_0022                       00000022
_PWRTE_OFF                        00003FFF
_PWRTE_ON                         00003FF7
_RC_OSC_CLKOUT                    00003FFF
_RC_OSC_NOCLKOUT                  00003FFE
_WDT_OFF                          00003FFB
_WDT_ON                           00003FFF
_XT_OSC                           00003FED
__16F648A                         00000001
m_RestoreBank                     
m_SaveBank                        

Errors   :     0
Warnings :     4 reported,    11 suppressed
Messages :     0 reported,     0 suppressed

